2024-06-15 09:16:48,834 [INFO] Activator:176 - 


2024-06-15 09:16:48,838 [INFO] Activator:177 - !SESSION log4j initialized
2024-06-15 09:16:53,368 [INFO] LogOutputStream:77 - [STDOUT_REDIRECT] 
2024-06-15 09:16:56,102 [INFO] ApplicationProperties:184 - Using Application install path: D:\ST\STM32CubeIDE_1.15.0\STM32CubeIDE\plugins\com.st.stm32cube.common.mx_6.11.0.202403141607
2024-06-15 09:16:56,117 [INFO] DbMcusXml:78 - Set database path to: D:\ST\STM32CubeIDE_1.15.0\STM32CubeIDE\plugins\com.st.stm32cube.common.mx_6.11.0.202403141607\\db\/mcu/
2024-06-15 09:16:56,117 [INFO] ApiDb:274 - Set plugin database path to: D:\ST\STM32CubeIDE_1.15.0\STM32CubeIDE\plugins\com.st.stm32cube.common.mx_6.11.0.202403141607\\db\/plugins/boardmanager/
2024-06-15 09:16:56,118 [WARN] ApiDb:259 - Overriding images path with different value:  => D:\ST\STM32CubeIDE_1.15.0\STM32CubeIDE\plugins\com.st.stm32cube.common.mx_6.11.0.202403141607\\db\/plugins/mcufinder/images/
2024-06-15 09:16:56,138 [INFO] ApiDb:250 - Set database path to: C:\Users\pedro\.stmcufinder\plugins\mcufinder//mcu/
2024-06-15 09:16:56,139 [INFO] DbMcusAds:125 - Set database path to: C:\Users\pedro\.stmcufinder\plugins\mcufinder//mcu/
2024-06-15 09:16:56,140 [INFO] CrossReferenceDbSqlite:203 - Set database path to: C:\Users\pedro\.stmcufinder\plugins\mcufinder//mcu/cs/
2024-06-15 09:16:56,235 [INFO] RulesReader:64 - Compatibility file has been processed (297 Rules)
2024-06-15 09:16:56,293 [INFO] DbMcusXml:78 - Set database path to: D:\ST\STM32CubeIDE_1.15.0\STM32CubeIDE\plugins\com.st.stm32cube.common.mx_6.11.0.202403141607\\db\/mcu/
2024-06-15 09:16:56,293 [INFO] ApiDb:274 - Set plugin database path to: D:\ST\STM32CubeIDE_1.15.0\STM32CubeIDE\plugins\com.st.stm32cube.common.mx_6.11.0.202403141607\\db\/plugins/boardmanager/
2024-06-15 09:16:56,293 [INFO] ApiDb:261 - Set plugin images path to: D:\ST\STM32CubeIDE_1.15.0\STM32CubeIDE\plugins\com.st.stm32cube.common.mx_6.11.0.202403141607\\db\/plugins/mcufinder/images/
2024-06-15 09:16:56,293 [WARN] DbFile:41 - Overriding database path with different value: C:\Users\pedro\.stmcufinder\plugins\mcufinder/ => C:\Users\pedro\.stmcufinder\plugins\mcufinder
2024-06-15 09:16:56,293 [INFO] ApiDb:250 - Set database path to: C:\Users\pedro\.stmcufinder\plugins\mcufinder//mcu/
2024-06-15 09:16:56,293 [WARN] DbFile:41 - Overriding database path with different value: C:\Users\pedro\.stmcufinder\plugins\mcufinder/ => C:\Users\pedro\.stmcufinder\plugins\mcufinder
2024-06-15 09:16:56,293 [INFO] DbMcusAds:125 - Set database path to: C:\Users\pedro\.stmcufinder\plugins\mcufinder//mcu/
2024-06-15 09:16:56,294 [WARN] DbFile:41 - Overriding database path with different value: C:\Users\pedro\.stmcufinder\plugins\mcufinder/ => C:\Users\pedro\.stmcufinder\plugins\mcufinder
2024-06-15 09:16:56,294 [WARN] DbFile:41 - Overriding database path with different value: C:\Users\pedro\.stmcufinder\plugins\mcufinder/ => C:\Users\pedro\.stmcufinder\plugins\mcufinder
2024-06-15 09:16:56,294 [INFO] CrossReferenceDbSqlite:203 - Set database path to: C:\Users\pedro\.stmcufinder\plugins\mcufinder//mcu/cs/
2024-06-15 09:16:56,350 [INFO] MainPanel:264 - HeapMemory: 268435456
2024-06-15 09:16:56,424 [INFO] DbMcusXml:78 - Set database path to: D:\ST\STM32CubeIDE_1.15.0\STM32CubeIDE\plugins\com.st.stm32cube.common.mx_6.11.0.202403141607\\db\/mcu/
2024-06-15 09:16:56,424 [INFO] ApiDb:274 - Set plugin database path to: D:\ST\STM32CubeIDE_1.15.0\STM32CubeIDE\plugins\com.st.stm32cube.common.mx_6.11.0.202403141607\\db\/plugins/boardmanager/
2024-06-15 09:16:56,424 [INFO] ApiDb:261 - Set plugin images path to: D:\ST\STM32CubeIDE_1.15.0\STM32CubeIDE\plugins\com.st.stm32cube.common.mx_6.11.0.202403141607\\db\/plugins/mcufinder/images/
2024-06-15 09:16:56,425 [WARN] DbFile:41 - Overriding database path with different value: C:\Users\pedro\.stmcufinder\plugins\mcufinder/ => C:\Users\pedro\.stmcufinder\plugins\mcufinder
2024-06-15 09:16:56,425 [INFO] ApiDb:250 - Set database path to: C:\Users\pedro\.stmcufinder\plugins\mcufinder//mcu/
2024-06-15 09:16:56,425 [WARN] DbFile:41 - Overriding database path with different value: C:\Users\pedro\.stmcufinder\plugins\mcufinder/ => C:\Users\pedro\.stmcufinder\plugins\mcufinder
2024-06-15 09:16:56,425 [INFO] DbMcusAds:125 - Set database path to: C:\Users\pedro\.stmcufinder\plugins\mcufinder//mcu/
2024-06-15 09:16:56,425 [WARN] DbFile:41 - Overriding database path with different value: C:\Users\pedro\.stmcufinder\plugins\mcufinder/ => C:\Users\pedro\.stmcufinder\plugins\mcufinder
2024-06-15 09:16:56,425 [WARN] DbFile:41 - Overriding database path with different value: C:\Users\pedro\.stmcufinder\plugins\mcufinder/ => C:\Users\pedro\.stmcufinder\plugins\mcufinder
2024-06-15 09:16:56,425 [INFO] CrossReferenceDbSqlite:203 - Set database path to: C:\Users\pedro\.stmcufinder\plugins\mcufinder//mcu/cs/
2024-06-15 09:16:56,438 [INFO] ApplicationProperties:184 - Using Application install path: D:\ST\STM32CubeIDE_1.15.0\STM32CubeIDE\plugins\com.st.stm32cube.common.mx_6.11.0.202403141607
2024-06-15 09:16:56,439 [INFO] PluginManage:196 - Search for loadable plugins [exclusion list=, ]
2024-06-15 09:16:56,440 [INFO] PluginManage:310 - Check plugin analytics
2024-06-15 09:16:56,586 [INFO] AnalyticsPlugin:253 - Accepted Software Licenses: 
2024-06-15 09:16:56,586 [INFO] AnalyticsPlugin:255 - Accepted CMSIS Pack Licenses: 
2024-06-15 09:16:56,587 [INFO] AnalyticsPlugin:257 - Accepted Firmware Licenses: 
2024-06-15 09:16:56,588 [INFO] PluginManage:359 - Loaded plugin analytics (category:tool,tabindex:-1)
2024-06-15 09:16:56,589 [INFO] PluginManage:310 - Check plugin cadmodel
2024-06-15 09:16:56,601 [INFO] CADModel:105 - Init CAD model plugin
2024-06-15 09:16:56,601 [INFO] PluginManage:359 - Loaded plugin cadmodel (category:power,tabindex:5)
2024-06-15 09:16:56,602 [INFO] PluginManage:310 - Check plugin clock
2024-06-15 09:16:56,619 [INFO] PluginManage:359 - Loaded plugin clock (category:base,tabindex:2)
2024-06-15 09:16:56,619 [INFO] PluginManage:310 - Check plugin ddr
2024-06-15 09:16:56,621 [INFO] PluginManage:359 - Loaded plugin ddr (category:tool,tabindex:6)
2024-06-15 09:16:56,621 [INFO] PluginManage:310 - Check plugin filemanager
2024-06-15 09:16:56,736 [INFO] PluginManage:359 - Loaded plugin filemanager (category:base,tabindex:10)
2024-06-15 09:16:56,737 [INFO] PluginManage:310 - Check plugin ipmanager
2024-06-15 09:16:56,742 [INFO] PluginManage:359 - Loaded plugin ipmanager (category:base,tabindex:5)
2024-06-15 09:16:56,742 [INFO] PluginManage:310 - Check plugin lpbam
2024-06-15 09:16:56,756 [INFO] PluginManage:359 - Loaded plugin lpbam (category:base,tabindex:0)
2024-06-15 09:16:56,756 [INFO] PluginManage:310 - Check plugin memorymap
2024-06-15 09:16:56,774 [INFO] PluginManage:359 - Loaded plugin memorymap (category:base,tabindex:4)
2024-06-15 09:16:56,774 [INFO] PluginManage:310 - Check plugin pinoutandconfiguration
2024-06-15 09:16:56,787 [INFO] PluginManage:359 - Loaded plugin pinoutandconfiguration (category:base,tabindex:1)
2024-06-15 09:16:56,787 [INFO] PluginManage:310 - Check plugin pinoutconfig
2024-06-15 09:16:56,858 [WARN] SupportedApi:132 - Cannot load RTOS API schema: s4s-elt-must-match.1: The content of 'definitions' must match (annotation?, (simpleType | complexType)?, (unique | key | keyref)*)). A problem was found starting at: attribute.
2024-06-15 09:16:56,976 [INFO] PluginManage:359 - Loaded plugin pinoutconfig (category:base,tabindex:0)
2024-06-15 09:16:56,976 [INFO] PluginManage:310 - Check plugin power
2024-06-15 09:16:56,993 [INFO] PluginManage:359 - Loaded plugin power (category:power,tabindex:4)
2024-06-15 09:16:56,993 [INFO] PluginManage:310 - Check plugin projectmanager
2024-06-15 09:16:57,005 [INFO] PluginManage:359 - Loaded plugin projectmanager (category:projectmanager,tabindex:3)
2024-06-15 09:16:57,006 [INFO] PluginManage:310 - Check plugin thirdparty
2024-06-15 09:16:57,222 [INFO] PluginManage:359 - Loaded plugin thirdparty (category:base,tabindex:-1)
2024-06-15 09:16:57,222 [INFO] PluginManage:310 - Check plugin tools
2024-06-15 09:16:57,222 [WARN] IntegrityCheckThread:84 - waiting for thirdparty lock release [integrity check]
2024-06-15 09:16:57,222 [INFO] IntegrityCheckThread:86 - entering critical section [integrity check]
2024-06-15 09:16:57,222 [INFO] ThirdPartyUpdaterWithRetryManager:70 - Updater plugin not ready yet. [1/15]
2024-06-15 09:16:57,254 [INFO] PluginManage:359 - Loaded plugin tools (category:base,tabindex:7)
2024-06-15 09:16:57,254 [INFO] PluginManage:310 - Check plugin tutovideos
2024-06-15 09:16:57,408 [INFO] PluginManage:359 - Loaded plugin tutovideos (category:base,tabindex:-1)
2024-06-15 09:16:57,408 [INFO] PluginManage:310 - Check plugin updater
2024-06-15 09:16:57,416 [INFO] PluginManage:359 - Loaded plugin updater (category:base,tabindex:12)
2024-06-15 09:16:57,416 [INFO] PluginManage:310 - Check plugin userauth
2024-06-15 09:16:57,421 [INFO] UserAuth:114 - Init User Auth plugin
2024-06-15 09:16:57,421 [INFO] PluginManage:359 - Loaded plugin userauth (category:base,tabindex:14)
2024-06-15 09:16:57,422 [INFO] PluginManage:283 - PluginManage : Loaded plugins [17]
2024-06-15 09:16:57,582 [INFO] PinOutPanel:1561 - setPackage(No Configuration,No Configuration)
2024-06-15 09:16:57,638 [INFO] CADModel:165 - CPN selected for project level
2024-06-15 09:16:57,639 [INFO] CADModel:114 - Register for checkConnection events
2024-06-15 09:16:57,659 [INFO] IPUIPlugin:80 - create IPUIPlugin
2024-06-15 09:16:57,659 [INFO] PluginManager:220 - loadIPPluginJar : add adc
2024-06-15 09:16:57,687 [INFO] IPUIPlugin:80 - create IPUIPlugin
2024-06-15 09:16:57,688 [INFO] PluginManager:220 - loadIPPluginJar : add aes
2024-06-15 09:16:57,721 [INFO] IPUIPlugin:80 - create IPUIPlugin
2024-06-15 09:16:57,722 [INFO] PluginManager:220 - loadIPPluginJar : add can
2024-06-15 09:16:57,740 [INFO] IPUIPlugin:80 - create IPUIPlugin
2024-06-15 09:16:57,741 [INFO] PluginManager:220 - loadIPPluginJar : add comp
2024-06-15 09:16:57,769 [INFO] IPUIPlugin:80 - create IPUIPlugin
2024-06-15 09:16:57,770 [INFO] PluginManager:220 - loadIPPluginJar : add cryp
2024-06-15 09:16:57,794 [INFO] IPUIPlugin:80 - create IPUIPlugin
2024-06-15 09:16:57,794 [INFO] PluginManager:220 - loadIPPluginJar : add dfsdm
2024-06-15 09:16:57,805 [INFO] IPUIPlugin:80 - create IPUIPlugin
2024-06-15 09:16:57,806 [INFO] PluginManager:220 - loadIPPluginJar : add dma
2024-06-15 09:16:57,842 [INFO] IPUIPlugin:80 - create IPUIPlugin
2024-06-15 09:16:57,842 [INFO] PluginManager:220 - loadIPPluginJar : add dma3
2024-06-15 09:16:57,878 [INFO] IPUIPlugin:80 - create IPUIPlugin
2024-06-15 09:16:57,879 [INFO] PluginManager:220 - loadIPPluginJar : add extmemmanager
2024-06-15 09:16:57,894 [INFO] IPUIPlugin:80 - create IPUIPlugin
2024-06-15 09:16:57,894 [INFO] PluginManager:220 - loadIPPluginJar : add fatfs
2024-06-15 09:16:57,935 [INFO] IPUIPlugin:80 - create IPUIPlugin
2024-06-15 09:16:57,935 [INFO] PluginManager:220 - loadIPPluginJar : add fmc
2024-06-15 09:16:57,948 [INFO] IPUIPlugin:80 - create IPUIPlugin
2024-06-15 09:16:57,948 [INFO] PluginManager:220 - loadIPPluginJar : add freertos
2024-06-15 09:16:57,966 [INFO] IPUIPlugin:80 - create IPUIPlugin
2024-06-15 09:16:57,966 [INFO] PluginManager:220 - loadIPPluginJar : add genericplugin
2024-06-15 09:16:58,048 [INFO] IPUIPlugin:80 - create IPUIPlugin
2024-06-15 09:16:58,048 [INFO] PluginManager:220 - loadIPPluginJar : add gfxmmu
2024-06-15 09:16:58,156 [INFO] IPUIPlugin:80 - create IPUIPlugin
2024-06-15 09:16:58,157 [INFO] PluginManager:220 - loadIPPluginJar : add gic
2024-06-15 09:16:58,167 [INFO] IPUIPlugin:80 - create IPUIPlugin
2024-06-15 09:16:58,167 [INFO] PluginManager:220 - loadIPPluginJar : add gpio
2024-06-15 09:16:58,241 [INFO] IPUIPlugin:80 - create IPUIPlugin
2024-06-15 09:16:58,241 [INFO] PluginManager:220 - loadIPPluginJar : add gtzc
2024-06-15 09:16:58,266 [INFO] IPUIPlugin:80 - create IPUIPlugin
2024-06-15 09:16:58,267 [INFO] PluginManager:220 - loadIPPluginJar : add hash
2024-06-15 09:16:58,307 [INFO] IPUIPlugin:80 - create IPUIPlugin
2024-06-15 09:16:58,307 [INFO] PluginManager:220 - loadIPPluginJar : add i2c
2024-06-15 09:16:58,338 [INFO] IPUIPlugin:80 - create IPUIPlugin
2024-06-15 09:16:58,338 [INFO] PluginManager:220 - loadIPPluginJar : add i2s
2024-06-15 09:16:58,371 [INFO] IPUIPlugin:80 - create IPUIPlugin
2024-06-15 09:16:58,371 [INFO] PluginManager:220 - loadIPPluginJar : add i3c
2024-06-15 09:16:58,455 [INFO] IPUIPlugin:80 - create IPUIPlugin
2024-06-15 09:16:58,456 [INFO] PluginManager:220 - loadIPPluginJar : add ipddr
2024-06-15 09:16:58,527 [INFO] IPUIPlugin:80 - create IPUIPlugin
2024-06-15 09:16:58,527 [INFO] PluginManager:220 - loadIPPluginJar : add linkedlist
2024-06-15 09:16:58,553 [INFO] IPUIPlugin:80 - create IPUIPlugin
2024-06-15 09:16:58,553 [INFO] PluginManager:220 - loadIPPluginJar : add lorawan
2024-06-15 09:16:58,581 [INFO] IPUIPlugin:80 - create IPUIPlugin
2024-06-15 09:16:58,582 [INFO] PluginManager:220 - loadIPPluginJar : add ltdc
2024-06-15 09:16:58,592 [INFO] IPUIPlugin:80 - create IPUIPlugin
2024-06-15 09:16:58,592 [INFO] PluginManager:220 - loadIPPluginJar : add mdma
2024-06-15 09:16:58,601 [INFO] IPUIPlugin:80 - create IPUIPlugin
2024-06-15 09:16:58,601 [INFO] PluginManager:220 - loadIPPluginJar : add nvic
2024-06-15 09:16:58,629 [INFO] IPUIPlugin:80 - create IPUIPlugin
2024-06-15 09:16:58,629 [INFO] PluginManager:220 - loadIPPluginJar : add opamp
2024-06-15 09:16:58,675 [INFO] IPUIPlugin:80 - create IPUIPlugin
2024-06-15 09:16:58,675 [INFO] PluginManager:220 - loadIPPluginJar : add openamp
2024-06-15 09:16:58,708 [INFO] IPUIPlugin:80 - create IPUIPlugin
2024-06-15 09:16:58,708 [INFO] PluginManager:220 - loadIPPluginJar : add pdm2pcm
2024-06-15 09:16:58,719 [INFO] IPUIPlugin:80 - create IPUIPlugin
2024-06-15 09:16:58,721 [INFO] PluginManager:220 - loadIPPluginJar : add plateformsettings
2024-06-15 09:16:58,738 [INFO] IPUIPlugin:80 - create IPUIPlugin
2024-06-15 09:16:58,739 [INFO] PluginManager:220 - loadIPPluginJar : add quadspi
2024-06-15 09:16:58,748 [INFO] IPUIPlugin:80 - create IPUIPlugin
2024-06-15 09:16:58,748 [INFO] PluginManager:220 - loadIPPluginJar : add resmgrutility
2024-06-15 09:16:58,788 [INFO] IPUIPlugin:80 - create IPUIPlugin
2024-06-15 09:16:58,788 [INFO] PluginManager:220 - loadIPPluginJar : add sai
2024-06-15 09:16:58,818 [INFO] IPUIPlugin:80 - create IPUIPlugin
2024-06-15 09:16:58,818 [INFO] PluginManager:220 - loadIPPluginJar : add spi
2024-06-15 09:16:58,876 [INFO] IPUIPlugin:80 - create IPUIPlugin
2024-06-15 09:16:58,876 [INFO] PluginManager:220 - loadIPPluginJar : add stm32_wpan
2024-06-15 09:16:58,895 [INFO] IPUIPlugin:80 - create IPUIPlugin
2024-06-15 09:16:58,895 [INFO] PluginManager:220 - loadIPPluginJar : add tim
2024-06-15 09:16:58,944 [INFO] IPUIPlugin:80 - create IPUIPlugin
2024-06-15 09:16:58,944 [INFO] PluginManager:220 - loadIPPluginJar : add touchsensing
2024-06-15 09:16:58,963 [INFO] IPUIPlugin:80 - create IPUIPlugin
2024-06-15 09:16:58,963 [INFO] PluginManager:220 - loadIPPluginJar : add tracer_emb
2024-06-15 09:16:58,982 [INFO] IPUIPlugin:80 - create IPUIPlugin
2024-06-15 09:16:58,982 [INFO] PluginManager:220 - loadIPPluginJar : add ts
2024-06-15 09:16:59,001 [INFO] IPUIPlugin:80 - create IPUIPlugin
2024-06-15 09:16:59,001 [INFO] PluginManager:220 - loadIPPluginJar : add tsc
2024-06-15 09:16:59,020 [INFO] IPUIPlugin:80 - create IPUIPlugin
2024-06-15 09:16:59,020 [INFO] PluginManager:220 - loadIPPluginJar : add ucpd
2024-06-15 09:16:59,055 [INFO] IPUIPlugin:80 - create IPUIPlugin
2024-06-15 09:16:59,055 [INFO] PluginManager:220 - loadIPPluginJar : add usart
2024-06-15 09:16:59,089 [INFO] IPUIPlugin:80 - create IPUIPlugin
2024-06-15 09:16:59,090 [INFO] PluginManager:220 - loadIPPluginJar : add usbx
2024-06-15 09:16:59,204 [INFO] CADModel:165 - CPN selected for project level
2024-06-15 09:16:59,204 [INFO] CADModel:114 - Register for checkConnection events
2024-06-15 09:16:59,204 [FATAL] Updater:308 - Updater called before beeing initialized
2024-06-15 09:16:59,204 [ERROR] CADModel:125 - Updater not yet initialized, retry later 
2024-06-15 09:16:59,306 [INFO] CADModel:165 - CPN selected for project level
2024-06-15 09:16:59,306 [INFO] CADModel:114 - Register for checkConnection events
2024-06-15 09:16:59,306 [FATAL] Updater:308 - Updater called before beeing initialized
2024-06-15 09:16:59,306 [ERROR] CADModel:125 - Updater not yet initialized, retry later 
2024-06-15 09:16:59,309 [FATAL] Updater:308 - Updater called before beeing initialized
2024-06-15 09:16:59,387 [FATAL] Updater:308 - Updater called before beeing initialized
2024-06-15 09:16:59,396 [INFO] DbMcusAds:53 - JSON generation date=Thu May 16 06:22:00 BRT 2024 (1715851320667)
2024-06-15 09:16:59,396 [FATAL] Updater:308 - Updater called before beeing initialized
2024-06-15 09:16:59,458 [WARN] DetailPanel:346 - Failed to get advertising image, set to default
2024-06-15 09:16:59,533 [FATAL] Updater:308 - Updater called before beeing initialized
2024-06-15 09:16:59,535 [FATAL] Updater:308 - Updater called before beeing initialized
2024-06-15 09:16:59,535 [FATAL] Updater:308 - Updater called before beeing initialized
2024-06-15 09:16:59,535 [WARN] DetailPanel:346 - Failed to get advertising image, set to default
2024-06-15 09:16:59,536 [FATAL] Updater:308 - Updater called before beeing initialized
2024-06-15 09:16:59,581 [ERROR] Updater:1120 - MainUpdater not yet initialized. External WinMGr cannot be set.
2024-06-15 09:16:59,589 [INFO] Updater:1056 - Updater Version found : 6.11.0
2024-06-15 09:16:59,603 [INFO] ApplicationProperties:184 - Using Application install path: D:\ST\STM32CubeIDE_1.15.0\STM32CubeIDE\plugins\com.st.stm32cube.common.mx_6.11.0.202403141607
2024-06-15 09:17:00,223 [INFO] ThirdPartyUpdaterWithRetryManager:70 - Updater plugin not ready yet. [2/15]
2024-06-15 09:17:01,177 [ERROR] LogOutputStream:75 - [STDERR_REDIRECT] Jun 15, 2024 9:17:01 AM java.util.prefs.WindowsPreferences <init>
2024-06-15 09:17:01,178 [ERROR] LogOutputStream:75 - [STDERR_REDIRECT] WARNING: Could not open/create prefs root node Software\JavaSoft\Prefs at root 0xffffffff80000002. Windows RegCreateKeyEx(...) returned error code 5.
2024-06-15 09:17:01,179 [ERROR] LogOutputStream:75 - [STDERR_REDIRECT] 
2024-06-15 09:17:01,554 [INFO] MainUpdater:2873 - connection check result : 10
2024-06-15 09:17:01,554 [INFO] MainUpdater:3567 - Updater definition file requires update
2024-06-15 09:17:01,554 [INFO] MainUpdater:290 - Updater Check For Update Now.
2024-06-15 09:17:01,554 [INFO] MicroXplorer:498 - Change Database Version : DB.6.0.110
2024-06-15 09:17:01,569 [INFO] McuFinderGlobals:63 - Set McuFinder mode to 2 (CubeIDE integrated)
2024-06-15 09:17:01,577 [INFO] UserAuth:415 - Internet connection configuration mode: 1
2024-06-15 09:17:01,593 [INFO] JxBrowserEngine:152 - Initiate JxBrowser Engine with user profile folder
2024-06-15 09:17:03,224 [WARN] MainUpdater:1194 - Updater busy. Cannot search thirdparties
2024-06-15 09:17:03,224 [INFO] ThirdPartyUpdaterWithRetryManager:96 - Updater plugin is busy. [1/15]
2024-06-15 09:17:03,479 [INFO] ServerAccessManage:473 - Download File updaters.zip
2024-06-15 09:17:03,676 [INFO] FileExtend:240 - Unzip File : updaters.zip
2024-06-15 09:17:03,676 [INFO] FileExtend:255 - Standard Zip Deflate
2024-06-15 09:17:05,007 [INFO] ServerAccessManage:473 - Download File PacksControlFlags.xml
2024-06-15 09:17:06,174 [INFO] ServerAccessManage:473 - Download File cubemx.pidx
2024-06-15 09:17:06,226 [WARN] MainUpdater:1194 - Updater busy. Cannot search thirdparties
2024-06-15 09:17:06,226 [INFO] ThirdPartyUpdaterWithRetryManager:96 - Updater plugin is busy. [2/15]
2024-06-15 09:17:07,344 [INFO] LoadServerUpdatesThread:375 - End of LoadServerUpdate Thread
2024-06-15 09:17:07,513 [INFO] CheckServerUpdateThread:120 - End of CheckServer Thread
2024-06-15 09:17:07,622 [INFO] WebApp:161 - Instantiating new browser for Auth
2024-06-15 09:17:08,039 [INFO] WebApp:779 - Register for checkConnection events
2024-06-15 09:17:08,039 [INFO] WebApp:414 - Apply proxy settings
2024-06-15 09:17:08,040 [INFO] WebApp:499 - Chromium requires no authentication
2024-06-15 09:17:08,046 [INFO] WebApp:442 - Direct internet connection detected
2024-06-15 09:17:08,176 [INFO] WebApp:192 - Starting web application
2024-06-15 09:17:08,176 [INFO] WebApp:544 - Web application path used D:\ST\STM32CubeIDE_1.15.0\STM32CubeIDE\plugins\com.st.stm32cube.common.mx_6.11.0.202403141607\db\plugins\mcufinder\reactClient1\index.html
2024-06-15 09:17:09,521 [WARN] PackLoader:240 - Cannot read IP mode file for STMicroelectronics.FP-SNS-MOTENVWB1.1.4.0
2024-06-15 09:17:09,535 [WARN] PackLoader:240 - Cannot read IP mode file for STMicroelectronics.X-CUBE-SMBUS.2.1.0
2024-06-15 09:17:09,546 [WARN] PackLoader:240 - Cannot read IP mode file for STMicroelectronics.X-CUBE-TOUCHGFX.4.23.2
2024-06-15 09:17:09,582 [WARN] PackLoader:240 - Cannot read IP mode file for STMicroelectronics.X-CUBE-AZRTOS-F7.1.1.0
2024-06-15 09:17:09,596 [WARN] PackLoader:240 - Cannot read IP mode file for STMicroelectronics.FP-SNS-FLIGHT1.5.0.2
2024-06-15 09:17:09,613 [WARN] PackLoader:240 - Cannot read IP mode file for STMicroelectronics.X-CUBE-DISPLAY.3.0.0
2024-06-15 09:17:09,631 [WARN] PackLoader:240 - Cannot read IP mode file for STMicroelectronics.X-CUBE-BLE1.7.0.0
2024-06-15 09:17:09,643 [WARN] PackLoader:240 - Cannot read IP mode file for emotas.I-CUBE-CANOPEN.1.3.0
2024-06-15 09:17:09,660 [WARN] PackLoader:240 - Cannot read IP mode file for STMicroelectronics.X-CUBE-BLEMGR.3.1.0
2024-06-15 09:17:09,673 [WARN] PackLoader:240 - Cannot read IP mode file for STMicroelectronics.FP-SNS-SMARTAG2.1.2.0
2024-06-15 09:17:09,690 [INFO] LogOutputStream:77 - [STDOUT_REDIRECT] 1 : Invalid condition id : UX_CORESTACK_Condition cause : null
2024-06-15 09:17:09,691 [INFO] LogOutputStream:77 - [STDOUT_REDIRECT] 1 : Invalid condition id : UX_CORESTACK_Condition cause : null
2024-06-15 09:17:09,692 [INFO] LogOutputStream:77 - [STDOUT_REDIRECT] 1 : Invalid condition id : UX_CORESTACK_Condition cause : null
2024-06-15 09:17:09,692 [INFO] LogOutputStream:77 - [STDOUT_REDIRECT] 1 : Invalid condition id : UX_CORESTACK_Condition cause : null
2024-06-15 09:17:09,693 [INFO] LogOutputStream:77 - [STDOUT_REDIRECT] 1 : Invalid condition id : UX_CORESTACK_Condition cause : null
2024-06-15 09:17:09,696 [WARN] PackLoader:240 - Cannot read IP mode file for STMicroelectronics.X-CUBE-AZRTOS-WL.2.0.0
2024-06-15 09:17:09,708 [WARN] PackLoader:240 - Cannot read IP mode file for STMicroelectronics.FP-SNS-MOTENV1.5.0.0
2024-06-15 09:17:09,718 [WARN] PackLoader:240 - Cannot read IP mode file for wolfSSL.I-CUBE-wolfMQTT.1.19.0
2024-06-15 09:17:09,729 [WARN] PackLoader:240 - Cannot read IP mode file for WES.I-CUBE-Cesium.1.3.0
2024-06-15 09:17:09,739 [WARN] PackLoader:240 - Cannot read IP mode file for STMicroelectronics.X-CUBE-BLE2.3.3.0
2024-06-15 09:17:09,750 [WARN] PackLoader:240 - Cannot read IP mode file for STMicroelectronics.X-CUBE-TCPP.4.1.0
2024-06-15 09:17:09,762 [WARN] PackLoader:240 - Cannot read IP mode file for STMicroelectronics.X-CUBE-ALGOBUILD.1.3.0
2024-06-15 09:17:09,788 [WARN] PackLoader:240 - Cannot read IP mode file for STMicroelectronics.X-CUBE-AZRTOS-G0.1.1.0
2024-06-15 09:17:09,802 [WARN] PackLoader:240 - Cannot read IP mode file for STMicroelectronics.X-CUBE-SAFEA1.1.2.2
2024-06-15 09:17:09,814 [WARN] PackLoader:240 - Cannot read IP mode file for STMicroelectronics.X-CUBE-NFC4.3.0.0
2024-06-15 09:17:09,824 [WARN] PackLoader:240 - Cannot read IP mode file for wolfSSL.I-CUBE-wolfSSL.5.7.0
2024-06-15 09:17:09,834 [WARN] PackLoader:240 - Cannot read IP mode file for STMicroelectronics.FP-ATR-SIGFOX1.3.2.0
2024-06-15 09:17:09,845 [WARN] PackLoader:240 - Cannot read IP mode file for STMicroelectronics.X-CUBE-EEPRMA1.5.1.0
2024-06-15 09:17:09,858 [WARN] PackLoader:240 - Cannot read IP mode file for ITTIA_DB.I-CUBE-ITTIADB.8.9.0
2024-06-15 09:17:09,889 [WARN] PackLoader:240 - Cannot read IP mode file for SEGGER.I-CUBE-embOS.1.3.1
2024-06-15 09:17:09,929 [WARN] PackLoader:240 - Cannot read IP mode file for STMicroelectronics.X-CUBE-ALGOBUILD.1.4.0
2024-06-15 09:17:09,941 [WARN] PackLoader:240 - Cannot read IP mode file for STMicroelectronics.X-CUBE-GNSS1.6.0.0
2024-06-15 09:17:09,970 [WARN] PackLoader:240 - Cannot read IP mode file for STMicroelectronics.X-CUBE-AZRTOS-F4.1.1.0
2024-06-15 09:17:09,986 [WARN] PackLoader:240 - Cannot read IP mode file for STMicroelectronics.X-CUBE-FREERTOS.1.2.0
2024-06-15 09:17:10,014 [WARN] PackLoader:240 - Cannot read IP mode file for STMicroelectronics.X-CUBE-AZRTOS-L5.2.0.0
2024-06-15 09:17:10,029 [WARN] PackLoader:240 - Cannot read IP mode file for STMicroelectronics.X-CUBE-NFC6.3.1.0
2024-06-15 09:17:10,041 [WARN] PackLoader:240 - Cannot read IP mode file for STMicroelectronics.X-CUBE-AI.9.0.0
2024-06-15 09:17:10,053 [WARN] PackLoader:240 - Cannot read IP mode file for STMicroelectronics.X-CUBE-NFC7.1.0.1
2024-06-15 09:17:10,081 [WARN] ConditionMgr:438 - getConditionDescription Invalid condition id : LAN8742 Phy interface Condition cause : null
2024-06-15 09:17:10,081 [WARN] PackLoader:240 - Cannot read IP mode file for STMicroelectronics.X-CUBE-AZRTOS-L4.2.0.0
2024-06-15 09:17:10,083 [WARN] ConditionMgr:1039 - genDependencies : Invalid condition id : LAN8742 Phy interface Condition cause : null
2024-06-15 09:17:10,083 [WARN] ConditionMgr:1039 - genDependencies : Invalid condition id : LAN8742 Phy interface Condition cause : null
2024-06-15 09:17:10,084 [WARN] ConditionMgr:1039 - genDependencies : Invalid condition id : LAN8742 Phy interface Condition cause : null
2024-06-15 09:17:10,097 [WARN] PackLoader:240 - Cannot read IP mode file for STMicroelectronics.X-CUBE-SFXS2LP1.4.0.0
2024-06-15 09:17:10,130 [WARN] ConditionMgr:438 - getConditionDescription Invalid condition id : UX DEVICE CLASS RTOS Condition cause : null
2024-06-15 09:17:10,130 [WARN] ConditionMgr:438 - getConditionDescription Invalid condition id : UX DEVICE CLASS RTOS Condition cause : null
2024-06-15 09:17:10,132 [WARN] PackLoader:240 - Cannot read IP mode file for STMicroelectronics.X-CUBE-AZRTOS-WB.2.0.0
2024-06-15 09:17:10,132 [WARN] ConditionMgr:1039 - genDependencies : Invalid condition id : UX DEVICE CLASS RTOS Condition cause : null
2024-06-15 09:17:10,133 [WARN] ConditionMgr:1039 - genDependencies : Invalid condition id : UX DEVICE CLASS RTOS Condition cause : null
2024-06-15 09:17:10,133 [WARN] ConditionMgr:1039 - genDependencies : Invalid condition id : UX DEVICE CLASS RTOS Condition cause : null
2024-06-15 09:17:10,133 [WARN] ConditionMgr:1039 - genDependencies : Invalid condition id : UX DEVICE CLASS RTOS Condition cause : null
2024-06-15 09:17:10,133 [WARN] ConditionMgr:1039 - genDependencies : Invalid condition id : UX DEVICE CLASS RTOS Condition cause : null
2024-06-15 09:17:10,153 [WARN] PackLoader:240 - Cannot read IP mode file for STMicroelectronics.X-CUBE-SUBG2.5.0.0
2024-06-15 09:17:10,180 [WARN] PackLoader:240 - Cannot read IP mode file for STMicroelectronics.X-CUBE-AZRTOS-G4.2.0.0
2024-06-15 09:17:10,192 [WARN] PackLoader:240 - Cannot read IP mode file for STMicroelectronics.X-CUBE-ISPU.2.0.0
2024-06-15 09:17:10,204 [WARN] PackLoader:240 - Cannot read IP mode file for STMicroelectronics.X-CUBE-ALS.1.0.2
2024-06-15 09:17:10,251 [WARN] PackLoader:240 - Cannot read IP mode file for STMicroelectronics.X-CUBE-MEMS1.10.0.0
2024-06-15 09:17:10,338 [WARN] PackLoader:240 - Cannot read IP mode file for STMicroelectronics.X-CUBE-FREERTOS.1.1.0
2024-06-15 09:17:10,348 [WARN] PackLoader:240 - Cannot read IP mode file for portGmbH.I-Cube-SoM-uGOAL.1.1.0
2024-06-15 09:17:10,359 [WARN] PackLoader:240 - Cannot read IP mode file for STMicroelectronics.X-CUBE-ALS.1.0.1
2024-06-15 09:17:10,391 [WARN] PackLoader:240 - Cannot read IP mode file for STMicroelectronics.X-CUBE-AZRTOS-H7RS.1.0.0
2024-06-15 09:17:10,404 [WARN] PackLoader:240 - Cannot read IP mode file for STMicroelectronics.FP-ATR-ASTRA1.2.0.0
2024-06-15 09:17:10,421 [WARN] PackLoader:240 - Cannot read IP mode file for STMicroelectronics.X-CUBE-TOF1.3.4.1
2024-06-15 09:17:10,457 [WARN] PackLoader:240 - Cannot read IP mode file for STMicroelectronics.X-CUBE-AZRTOS-H7.3.2.0
2024-06-15 09:17:10,479 [WARN] PackLoader:240 - Cannot read IP mode file for Infineon.AIROC-Wi-Fi-Bluetooth-STM32.1.6.0
2024-06-15 09:17:10,483 [INFO] ThirdParty:978 - Integrity check success = true
2024-06-15 09:17:10,483 [INFO] IntegrityCheckThread:100 - exiting critical section [integrity check]
2024-06-15 09:17:10,483 [INFO] IntegrityCheckThread:103 - End integrity checks thread
2024-06-15 09:48:09,184 [ERROR] LogOutputStream:75 - [STDERR_REDIRECT] 
