2024-06-16 07:29:22,949 [INFO] Activator:176 - 


2024-06-16 07:29:22,955 [INFO] Activator:177 - !SESSION log4j initialized
2024-06-16 07:29:27,727 [INFO] LogOutputStream:77 - [STDOUT_REDIRECT] 
2024-06-16 07:29:30,297 [INFO] ApplicationProperties:184 - Using Application install path: D:\ST\STM32CubeIDE_1.15.0\STM32CubeIDE\plugins\com.st.stm32cube.common.mx_6.11.0.202403141607
2024-06-16 07:29:30,311 [INFO] DbMcusXml:78 - Set database path to: D:\ST\STM32CubeIDE_1.15.0\STM32CubeIDE\plugins\com.st.stm32cube.common.mx_6.11.0.202403141607\\db\/mcu/
2024-06-16 07:29:30,312 [INFO] ApiDb:274 - Set plugin database path to: D:\ST\STM32CubeIDE_1.15.0\STM32CubeIDE\plugins\com.st.stm32cube.common.mx_6.11.0.202403141607\\db\/plugins/boardmanager/
2024-06-16 07:29:30,312 [WARN] ApiDb:259 - Overriding images path with different value:  => D:\ST\STM32CubeIDE_1.15.0\STM32CubeIDE\plugins\com.st.stm32cube.common.mx_6.11.0.202403141607\\db\/plugins/mcufinder/images/
2024-06-16 07:29:30,318 [INFO] ApiDb:250 - Set database path to: C:\Users\pedro\.stmcufinder\plugins\mcufinder//mcu/
2024-06-16 07:29:30,319 [INFO] DbMcusAds:125 - Set database path to: C:\Users\pedro\.stmcufinder\plugins\mcufinder//mcu/
2024-06-16 07:29:30,321 [INFO] CrossReferenceDbSqlite:203 - Set database path to: C:\Users\pedro\.stmcufinder\plugins\mcufinder//mcu/cs/
2024-06-16 07:29:30,418 [INFO] RulesReader:64 - Compatibility file has been processed (297 Rules)
2024-06-16 07:29:30,483 [INFO] DbMcusXml:78 - Set database path to: D:\ST\STM32CubeIDE_1.15.0\STM32CubeIDE\plugins\com.st.stm32cube.common.mx_6.11.0.202403141607\\db\/mcu/
2024-06-16 07:29:30,483 [INFO] ApiDb:274 - Set plugin database path to: D:\ST\STM32CubeIDE_1.15.0\STM32CubeIDE\plugins\com.st.stm32cube.common.mx_6.11.0.202403141607\\db\/plugins/boardmanager/
2024-06-16 07:29:30,484 [INFO] ApiDb:261 - Set plugin images path to: D:\ST\STM32CubeIDE_1.15.0\STM32CubeIDE\plugins\com.st.stm32cube.common.mx_6.11.0.202403141607\\db\/plugins/mcufinder/images/
2024-06-16 07:29:30,484 [WARN] DbFile:41 - Overriding database path with different value: C:\Users\pedro\.stmcufinder\plugins\mcufinder/ => C:\Users\pedro\.stmcufinder\plugins\mcufinder
2024-06-16 07:29:30,484 [INFO] ApiDb:250 - Set database path to: C:\Users\pedro\.stmcufinder\plugins\mcufinder//mcu/
2024-06-16 07:29:30,484 [WARN] DbFile:41 - Overriding database path with different value: C:\Users\pedro\.stmcufinder\plugins\mcufinder/ => C:\Users\pedro\.stmcufinder\plugins\mcufinder
2024-06-16 07:29:30,484 [INFO] DbMcusAds:125 - Set database path to: C:\Users\pedro\.stmcufinder\plugins\mcufinder//mcu/
2024-06-16 07:29:30,484 [WARN] DbFile:41 - Overriding database path with different value: C:\Users\pedro\.stmcufinder\plugins\mcufinder/ => C:\Users\pedro\.stmcufinder\plugins\mcufinder
2024-06-16 07:29:30,484 [WARN] DbFile:41 - Overriding database path with different value: C:\Users\pedro\.stmcufinder\plugins\mcufinder/ => C:\Users\pedro\.stmcufinder\plugins\mcufinder
2024-06-16 07:29:30,484 [INFO] CrossReferenceDbSqlite:203 - Set database path to: C:\Users\pedro\.stmcufinder\plugins\mcufinder//mcu/cs/
2024-06-16 07:29:30,543 [INFO] MainPanel:264 - HeapMemory: 268435456
2024-06-16 07:29:30,615 [INFO] DbMcusXml:78 - Set database path to: D:\ST\STM32CubeIDE_1.15.0\STM32CubeIDE\plugins\com.st.stm32cube.common.mx_6.11.0.202403141607\\db\/mcu/
2024-06-16 07:29:30,615 [INFO] ApiDb:274 - Set plugin database path to: D:\ST\STM32CubeIDE_1.15.0\STM32CubeIDE\plugins\com.st.stm32cube.common.mx_6.11.0.202403141607\\db\/plugins/boardmanager/
2024-06-16 07:29:30,615 [INFO] ApiDb:261 - Set plugin images path to: D:\ST\STM32CubeIDE_1.15.0\STM32CubeIDE\plugins\com.st.stm32cube.common.mx_6.11.0.202403141607\\db\/plugins/mcufinder/images/
2024-06-16 07:29:30,616 [WARN] DbFile:41 - Overriding database path with different value: C:\Users\pedro\.stmcufinder\plugins\mcufinder/ => C:\Users\pedro\.stmcufinder\plugins\mcufinder
2024-06-16 07:29:30,616 [INFO] ApiDb:250 - Set database path to: C:\Users\pedro\.stmcufinder\plugins\mcufinder//mcu/
2024-06-16 07:29:30,616 [WARN] DbFile:41 - Overriding database path with different value: C:\Users\pedro\.stmcufinder\plugins\mcufinder/ => C:\Users\pedro\.stmcufinder\plugins\mcufinder
2024-06-16 07:29:30,616 [INFO] DbMcusAds:125 - Set database path to: C:\Users\pedro\.stmcufinder\plugins\mcufinder//mcu/
2024-06-16 07:29:30,616 [WARN] DbFile:41 - Overriding database path with different value: C:\Users\pedro\.stmcufinder\plugins\mcufinder/ => C:\Users\pedro\.stmcufinder\plugins\mcufinder
2024-06-16 07:29:30,616 [WARN] DbFile:41 - Overriding database path with different value: C:\Users\pedro\.stmcufinder\plugins\mcufinder/ => C:\Users\pedro\.stmcufinder\plugins\mcufinder
2024-06-16 07:29:30,616 [INFO] CrossReferenceDbSqlite:203 - Set database path to: C:\Users\pedro\.stmcufinder\plugins\mcufinder//mcu/cs/
2024-06-16 07:29:30,630 [INFO] ApplicationProperties:184 - Using Application install path: D:\ST\STM32CubeIDE_1.15.0\STM32CubeIDE\plugins\com.st.stm32cube.common.mx_6.11.0.202403141607
2024-06-16 07:29:30,630 [INFO] PluginManage:196 - Search for loadable plugins [exclusion list=, ]
2024-06-16 07:29:30,632 [INFO] PluginManage:310 - Check plugin analytics
2024-06-16 07:29:30,777 [INFO] AnalyticsPlugin:253 - Accepted Software Licenses: 
2024-06-16 07:29:30,778 [INFO] AnalyticsPlugin:255 - Accepted CMSIS Pack Licenses: 
2024-06-16 07:29:30,778 [INFO] AnalyticsPlugin:257 - Accepted Firmware Licenses: 
2024-06-16 07:29:30,779 [INFO] PluginManage:359 - Loaded plugin analytics (category:tool,tabindex:-1)
2024-06-16 07:29:30,780 [INFO] PluginManage:310 - Check plugin cadmodel
2024-06-16 07:29:30,797 [INFO] CADModel:105 - Init CAD model plugin
2024-06-16 07:29:30,797 [INFO] PluginManage:359 - Loaded plugin cadmodel (category:power,tabindex:5)
2024-06-16 07:29:30,797 [INFO] PluginManage:310 - Check plugin clock
2024-06-16 07:29:30,817 [INFO] PluginManage:359 - Loaded plugin clock (category:base,tabindex:2)
2024-06-16 07:29:30,817 [INFO] PluginManage:310 - Check plugin ddr
2024-06-16 07:29:30,818 [INFO] PluginManage:359 - Loaded plugin ddr (category:tool,tabindex:6)
2024-06-16 07:29:30,818 [INFO] PluginManage:310 - Check plugin filemanager
2024-06-16 07:29:30,924 [INFO] PluginManage:359 - Loaded plugin filemanager (category:base,tabindex:10)
2024-06-16 07:29:30,924 [INFO] PluginManage:310 - Check plugin ipmanager
2024-06-16 07:29:30,929 [INFO] PluginManage:359 - Loaded plugin ipmanager (category:base,tabindex:5)
2024-06-16 07:29:30,929 [INFO] PluginManage:310 - Check plugin lpbam
2024-06-16 07:29:30,943 [INFO] PluginManage:359 - Loaded plugin lpbam (category:base,tabindex:0)
2024-06-16 07:29:30,943 [INFO] PluginManage:310 - Check plugin memorymap
2024-06-16 07:29:30,960 [INFO] PluginManage:359 - Loaded plugin memorymap (category:base,tabindex:4)
2024-06-16 07:29:30,960 [INFO] PluginManage:310 - Check plugin pinoutandconfiguration
2024-06-16 07:29:30,973 [INFO] PluginManage:359 - Loaded plugin pinoutandconfiguration (category:base,tabindex:1)
2024-06-16 07:29:30,973 [INFO] PluginManage:310 - Check plugin pinoutconfig
2024-06-16 07:29:31,043 [WARN] SupportedApi:132 - Cannot load RTOS API schema: s4s-elt-must-match.1: The content of 'definitions' must match (annotation?, (simpleType | complexType)?, (unique | key | keyref)*)). A problem was found starting at: attribute.
2024-06-16 07:29:31,152 [INFO] PluginManage:359 - Loaded plugin pinoutconfig (category:base,tabindex:0)
2024-06-16 07:29:31,152 [INFO] PluginManage:310 - Check plugin power
2024-06-16 07:29:31,167 [INFO] PluginManage:359 - Loaded plugin power (category:power,tabindex:4)
2024-06-16 07:29:31,168 [INFO] PluginManage:310 - Check plugin projectmanager
2024-06-16 07:29:31,179 [INFO] PluginManage:359 - Loaded plugin projectmanager (category:projectmanager,tabindex:3)
2024-06-16 07:29:31,180 [INFO] PluginManage:310 - Check plugin thirdparty
2024-06-16 07:29:31,384 [INFO] PluginManage:359 - Loaded plugin thirdparty (category:base,tabindex:-1)
2024-06-16 07:29:31,384 [WARN] IntegrityCheckThread:84 - waiting for thirdparty lock release [integrity check]
2024-06-16 07:29:31,385 [INFO] IntegrityCheckThread:86 - entering critical section [integrity check]
2024-06-16 07:29:31,385 [INFO] PluginManage:310 - Check plugin tools
2024-06-16 07:29:31,385 [INFO] ThirdPartyUpdaterWithRetryManager:70 - Updater plugin not ready yet. [1/15]
2024-06-16 07:29:31,412 [INFO] PluginManage:359 - Loaded plugin tools (category:base,tabindex:7)
2024-06-16 07:29:31,412 [INFO] PluginManage:310 - Check plugin tutovideos
2024-06-16 07:29:31,598 [INFO] PluginManage:359 - Loaded plugin tutovideos (category:base,tabindex:-1)
2024-06-16 07:29:31,598 [INFO] PluginManage:310 - Check plugin updater
2024-06-16 07:29:31,608 [INFO] PluginManage:359 - Loaded plugin updater (category:base,tabindex:12)
2024-06-16 07:29:31,608 [INFO] PluginManage:310 - Check plugin userauth
2024-06-16 07:29:31,614 [INFO] UserAuth:114 - Init User Auth plugin
2024-06-16 07:29:31,614 [INFO] PluginManage:359 - Loaded plugin userauth (category:base,tabindex:14)
2024-06-16 07:29:31,615 [INFO] PluginManage:283 - PluginManage : Loaded plugins [17]
2024-06-16 07:29:31,796 [INFO] PinOutPanel:1561 - setPackage(No Configuration,No Configuration)
2024-06-16 07:29:31,856 [INFO] CADModel:165 - CPN selected for project level
2024-06-16 07:29:31,856 [INFO] CADModel:114 - Register for checkConnection events
2024-06-16 07:29:31,877 [INFO] IPUIPlugin:80 - create IPUIPlugin
2024-06-16 07:29:31,877 [INFO] PluginManager:220 - loadIPPluginJar : add adc
2024-06-16 07:29:31,907 [INFO] IPUIPlugin:80 - create IPUIPlugin
2024-06-16 07:29:31,907 [INFO] PluginManager:220 - loadIPPluginJar : add aes
2024-06-16 07:29:31,939 [INFO] IPUIPlugin:80 - create IPUIPlugin
2024-06-16 07:29:31,939 [INFO] PluginManager:220 - loadIPPluginJar : add can
2024-06-16 07:29:31,959 [INFO] IPUIPlugin:80 - create IPUIPlugin
2024-06-16 07:29:31,959 [INFO] PluginManager:220 - loadIPPluginJar : add comp
2024-06-16 07:29:31,986 [INFO] IPUIPlugin:80 - create IPUIPlugin
2024-06-16 07:29:31,986 [INFO] PluginManager:220 - loadIPPluginJar : add cryp
2024-06-16 07:29:32,010 [INFO] IPUIPlugin:80 - create IPUIPlugin
2024-06-16 07:29:32,011 [INFO] PluginManager:220 - loadIPPluginJar : add dfsdm
2024-06-16 07:29:32,023 [INFO] IPUIPlugin:80 - create IPUIPlugin
2024-06-16 07:29:32,023 [INFO] PluginManager:220 - loadIPPluginJar : add dma
2024-06-16 07:29:32,056 [INFO] IPUIPlugin:80 - create IPUIPlugin
2024-06-16 07:29:32,056 [INFO] PluginManager:220 - loadIPPluginJar : add dma3
2024-06-16 07:29:32,091 [INFO] IPUIPlugin:80 - create IPUIPlugin
2024-06-16 07:29:32,091 [INFO] PluginManager:220 - loadIPPluginJar : add extmemmanager
2024-06-16 07:29:32,106 [INFO] IPUIPlugin:80 - create IPUIPlugin
2024-06-16 07:29:32,106 [INFO] PluginManager:220 - loadIPPluginJar : add fatfs
2024-06-16 07:29:32,142 [INFO] IPUIPlugin:80 - create IPUIPlugin
2024-06-16 07:29:32,142 [INFO] PluginManager:220 - loadIPPluginJar : add fmc
2024-06-16 07:29:32,155 [INFO] IPUIPlugin:80 - create IPUIPlugin
2024-06-16 07:29:32,155 [INFO] PluginManager:220 - loadIPPluginJar : add freertos
2024-06-16 07:29:32,171 [INFO] IPUIPlugin:80 - create IPUIPlugin
2024-06-16 07:29:32,171 [INFO] PluginManager:220 - loadIPPluginJar : add genericplugin
2024-06-16 07:29:32,242 [INFO] IPUIPlugin:80 - create IPUIPlugin
2024-06-16 07:29:32,242 [INFO] PluginManager:220 - loadIPPluginJar : add gfxmmu
2024-06-16 07:29:32,345 [INFO] IPUIPlugin:80 - create IPUIPlugin
2024-06-16 07:29:32,345 [INFO] PluginManager:220 - loadIPPluginJar : add gic
2024-06-16 07:29:32,354 [INFO] IPUIPlugin:80 - create IPUIPlugin
2024-06-16 07:29:32,355 [INFO] PluginManager:220 - loadIPPluginJar : add gpio
2024-06-16 07:29:32,428 [INFO] IPUIPlugin:80 - create IPUIPlugin
2024-06-16 07:29:32,428 [INFO] PluginManager:220 - loadIPPluginJar : add gtzc
2024-06-16 07:29:32,454 [INFO] IPUIPlugin:80 - create IPUIPlugin
2024-06-16 07:29:32,454 [INFO] PluginManager:220 - loadIPPluginJar : add hash
2024-06-16 07:29:32,494 [INFO] IPUIPlugin:80 - create IPUIPlugin
2024-06-16 07:29:32,494 [INFO] PluginManager:220 - loadIPPluginJar : add i2c
2024-06-16 07:29:32,525 [INFO] IPUIPlugin:80 - create IPUIPlugin
2024-06-16 07:29:32,525 [INFO] PluginManager:220 - loadIPPluginJar : add i2s
2024-06-16 07:29:32,557 [INFO] IPUIPlugin:80 - create IPUIPlugin
2024-06-16 07:29:32,557 [INFO] PluginManager:220 - loadIPPluginJar : add i3c
2024-06-16 07:29:32,642 [INFO] IPUIPlugin:80 - create IPUIPlugin
2024-06-16 07:29:32,642 [INFO] PluginManager:220 - loadIPPluginJar : add ipddr
2024-06-16 07:29:32,713 [INFO] IPUIPlugin:80 - create IPUIPlugin
2024-06-16 07:29:32,713 [INFO] PluginManager:220 - loadIPPluginJar : add linkedlist
2024-06-16 07:29:32,741 [INFO] IPUIPlugin:80 - create IPUIPlugin
2024-06-16 07:29:32,741 [INFO] PluginManager:220 - loadIPPluginJar : add lorawan
2024-06-16 07:29:32,770 [INFO] IPUIPlugin:80 - create IPUIPlugin
2024-06-16 07:29:32,770 [INFO] PluginManager:220 - loadIPPluginJar : add ltdc
2024-06-16 07:29:32,780 [INFO] IPUIPlugin:80 - create IPUIPlugin
2024-06-16 07:29:32,780 [INFO] PluginManager:220 - loadIPPluginJar : add mdma
2024-06-16 07:29:32,790 [INFO] IPUIPlugin:80 - create IPUIPlugin
2024-06-16 07:29:32,790 [INFO] PluginManager:220 - loadIPPluginJar : add nvic
2024-06-16 07:29:32,821 [INFO] IPUIPlugin:80 - create IPUIPlugin
2024-06-16 07:29:32,821 [INFO] PluginManager:220 - loadIPPluginJar : add opamp
2024-06-16 07:29:32,867 [INFO] IPUIPlugin:80 - create IPUIPlugin
2024-06-16 07:29:32,868 [INFO] PluginManager:220 - loadIPPluginJar : add openamp
2024-06-16 07:29:32,900 [INFO] IPUIPlugin:80 - create IPUIPlugin
2024-06-16 07:29:32,900 [INFO] PluginManager:220 - loadIPPluginJar : add pdm2pcm
2024-06-16 07:29:32,911 [INFO] IPUIPlugin:80 - create IPUIPlugin
2024-06-16 07:29:32,912 [INFO] PluginManager:220 - loadIPPluginJar : add plateformsettings
2024-06-16 07:29:32,930 [INFO] IPUIPlugin:80 - create IPUIPlugin
2024-06-16 07:29:32,930 [INFO] PluginManager:220 - loadIPPluginJar : add quadspi
2024-06-16 07:29:32,939 [INFO] IPUIPlugin:80 - create IPUIPlugin
2024-06-16 07:29:32,939 [INFO] PluginManager:220 - loadIPPluginJar : add resmgrutility
2024-06-16 07:29:32,978 [INFO] IPUIPlugin:80 - create IPUIPlugin
2024-06-16 07:29:32,978 [INFO] PluginManager:220 - loadIPPluginJar : add sai
2024-06-16 07:29:33,007 [INFO] IPUIPlugin:80 - create IPUIPlugin
2024-06-16 07:29:33,007 [INFO] PluginManager:220 - loadIPPluginJar : add spi
2024-06-16 07:29:33,065 [INFO] IPUIPlugin:80 - create IPUIPlugin
2024-06-16 07:29:33,065 [INFO] PluginManager:220 - loadIPPluginJar : add stm32_wpan
2024-06-16 07:29:33,085 [INFO] IPUIPlugin:80 - create IPUIPlugin
2024-06-16 07:29:33,085 [INFO] PluginManager:220 - loadIPPluginJar : add tim
2024-06-16 07:29:33,132 [INFO] IPUIPlugin:80 - create IPUIPlugin
2024-06-16 07:29:33,132 [INFO] PluginManager:220 - loadIPPluginJar : add touchsensing
2024-06-16 07:29:33,149 [INFO] IPUIPlugin:80 - create IPUIPlugin
2024-06-16 07:29:33,149 [INFO] PluginManager:220 - loadIPPluginJar : add tracer_emb
2024-06-16 07:29:33,167 [INFO] IPUIPlugin:80 - create IPUIPlugin
2024-06-16 07:29:33,167 [INFO] PluginManager:220 - loadIPPluginJar : add ts
2024-06-16 07:29:33,184 [INFO] IPUIPlugin:80 - create IPUIPlugin
2024-06-16 07:29:33,184 [INFO] PluginManager:220 - loadIPPluginJar : add tsc
2024-06-16 07:29:33,201 [INFO] IPUIPlugin:80 - create IPUIPlugin
2024-06-16 07:29:33,201 [INFO] PluginManager:220 - loadIPPluginJar : add ucpd
2024-06-16 07:29:33,235 [INFO] IPUIPlugin:80 - create IPUIPlugin
2024-06-16 07:29:33,235 [INFO] PluginManager:220 - loadIPPluginJar : add usart
2024-06-16 07:29:33,270 [INFO] IPUIPlugin:80 - create IPUIPlugin
2024-06-16 07:29:33,270 [INFO] PluginManager:220 - loadIPPluginJar : add usbx
2024-06-16 07:29:33,386 [INFO] CADModel:165 - CPN selected for project level
2024-06-16 07:29:33,387 [INFO] CADModel:114 - Register for checkConnection events
2024-06-16 07:29:33,387 [FATAL] Updater:308 - Updater called before beeing initialized
2024-06-16 07:29:33,387 [ERROR] CADModel:125 - Updater not yet initialized, retry later 
2024-06-16 07:29:33,491 [INFO] CADModel:165 - CPN selected for project level
2024-06-16 07:29:33,492 [INFO] CADModel:114 - Register for checkConnection events
2024-06-16 07:29:33,492 [FATAL] Updater:308 - Updater called before beeing initialized
2024-06-16 07:29:33,492 [ERROR] CADModel:125 - Updater not yet initialized, retry later 
2024-06-16 07:29:33,495 [FATAL] Updater:308 - Updater called before beeing initialized
2024-06-16 07:29:33,572 [FATAL] Updater:308 - Updater called before beeing initialized
2024-06-16 07:29:33,580 [INFO] DbMcusAds:53 - JSON generation date=Thu May 16 06:22:00 BRT 2024 (1715851320667)
2024-06-16 07:29:33,580 [FATAL] Updater:308 - Updater called before beeing initialized
2024-06-16 07:29:33,644 [WARN] DetailPanel:346 - Failed to get advertising image, set to default
2024-06-16 07:29:33,723 [FATAL] Updater:308 - Updater called before beeing initialized
2024-06-16 07:29:33,725 [FATAL] Updater:308 - Updater called before beeing initialized
2024-06-16 07:29:33,725 [FATAL] Updater:308 - Updater called before beeing initialized
2024-06-16 07:29:33,725 [WARN] DetailPanel:346 - Failed to get advertising image, set to default
2024-06-16 07:29:33,726 [FATAL] Updater:308 - Updater called before beeing initialized
2024-06-16 07:29:33,771 [ERROR] Updater:1120 - MainUpdater not yet initialized. External WinMGr cannot be set.
2024-06-16 07:29:33,779 [INFO] Updater:1056 - Updater Version found : 6.11.0
2024-06-16 07:29:33,795 [INFO] ApplicationProperties:184 - Using Application install path: D:\ST\STM32CubeIDE_1.15.0\STM32CubeIDE\plugins\com.st.stm32cube.common.mx_6.11.0.202403141607
2024-06-16 07:29:34,387 [INFO] ThirdPartyUpdaterWithRetryManager:70 - Updater plugin not ready yet. [2/15]
2024-06-16 07:29:35,403 [ERROR] LogOutputStream:75 - [STDERR_REDIRECT] Jun 16, 2024 7:29:35 AM java.util.prefs.WindowsPreferences <init>
2024-06-16 07:29:35,404 [ERROR] LogOutputStream:75 - [STDERR_REDIRECT] WARNING: Could not open/create prefs root node Software\JavaSoft\Prefs at root 0xffffffff80000002. Windows RegCreateKeyEx(...) returned error code 5.
2024-06-16 07:29:35,404 [ERROR] LogOutputStream:75 - [STDERR_REDIRECT] 
2024-06-16 07:29:35,758 [INFO] MainUpdater:2873 - connection check result : 10
2024-06-16 07:29:35,758 [INFO] MainUpdater:290 - Updater Check For Update Now.
2024-06-16 07:29:35,758 [INFO] MicroXplorer:498 - Change Database Version : DB.6.0.110
2024-06-16 07:29:35,774 [INFO] McuFinderGlobals:63 - Set McuFinder mode to 2 (CubeIDE integrated)
2024-06-16 07:29:35,784 [INFO] UserAuth:415 - Internet connection configuration mode: 1
2024-06-16 07:29:35,808 [INFO] JxBrowserEngine:152 - Initiate JxBrowser Engine with user profile folder
2024-06-16 07:29:35,961 [INFO] CheckServerUpdateThread:120 - End of CheckServer Thread
2024-06-16 07:29:37,553 [WARN] PackLoader:240 - Cannot read IP mode file for STMicroelectronics.FP-SNS-MOTENVWB1.1.4.0
2024-06-16 07:29:37,567 [WARN] PackLoader:240 - Cannot read IP mode file for STMicroelectronics.X-CUBE-SMBUS.2.1.0
2024-06-16 07:29:37,577 [WARN] PackLoader:240 - Cannot read IP mode file for STMicroelectronics.X-CUBE-TOUCHGFX.4.23.2
2024-06-16 07:29:37,615 [WARN] PackLoader:240 - Cannot read IP mode file for STMicroelectronics.X-CUBE-AZRTOS-F7.1.1.0
2024-06-16 07:29:37,628 [WARN] PackLoader:240 - Cannot read IP mode file for STMicroelectronics.FP-SNS-FLIGHT1.5.0.2
2024-06-16 07:29:37,643 [WARN] PackLoader:240 - Cannot read IP mode file for STMicroelectronics.X-CUBE-DISPLAY.3.0.0
2024-06-16 07:29:37,662 [WARN] PackLoader:240 - Cannot read IP mode file for STMicroelectronics.X-CUBE-BLE1.7.0.0
2024-06-16 07:29:37,672 [WARN] PackLoader:240 - Cannot read IP mode file for emotas.I-CUBE-CANOPEN.1.3.0
2024-06-16 07:29:37,688 [WARN] PackLoader:240 - Cannot read IP mode file for STMicroelectronics.X-CUBE-BLEMGR.3.1.0
2024-06-16 07:29:37,701 [WARN] PackLoader:240 - Cannot read IP mode file for STMicroelectronics.FP-SNS-SMARTAG2.1.2.0
2024-06-16 07:29:37,719 [INFO] LogOutputStream:77 - [STDOUT_REDIRECT] 1 : Invalid condition id : UX_CORESTACK_Condition cause : null
2024-06-16 07:29:37,721 [INFO] LogOutputStream:77 - [STDOUT_REDIRECT] 1 : Invalid condition id : UX_CORESTACK_Condition cause : null
2024-06-16 07:29:37,721 [INFO] LogOutputStream:77 - [STDOUT_REDIRECT] 1 : Invalid condition id : UX_CORESTACK_Condition cause : null
2024-06-16 07:29:37,722 [INFO] LogOutputStream:77 - [STDOUT_REDIRECT] 1 : Invalid condition id : UX_CORESTACK_Condition cause : null
2024-06-16 07:29:37,723 [INFO] LogOutputStream:77 - [STDOUT_REDIRECT] 1 : Invalid condition id : UX_CORESTACK_Condition cause : null
2024-06-16 07:29:37,726 [WARN] PackLoader:240 - Cannot read IP mode file for STMicroelectronics.X-CUBE-AZRTOS-WL.2.0.0
2024-06-16 07:29:37,737 [WARN] PackLoader:240 - Cannot read IP mode file for STMicroelectronics.FP-SNS-MOTENV1.5.0.0
2024-06-16 07:29:37,748 [WARN] PackLoader:240 - Cannot read IP mode file for wolfSSL.I-CUBE-wolfMQTT.1.19.0
2024-06-16 07:29:37,759 [WARN] PackLoader:240 - Cannot read IP mode file for WES.I-CUBE-Cesium.1.3.0
2024-06-16 07:29:37,771 [WARN] PackLoader:240 - Cannot read IP mode file for STMicroelectronics.X-CUBE-BLE2.3.3.0
2024-06-16 07:29:37,782 [WARN] PackLoader:240 - Cannot read IP mode file for STMicroelectronics.X-CUBE-TCPP.4.1.0
2024-06-16 07:29:37,805 [WARN] PackLoader:240 - Cannot read IP mode file for STMicroelectronics.X-CUBE-ALGOBUILD.1.3.0
2024-06-16 07:29:37,833 [WARN] PackLoader:240 - Cannot read IP mode file for STMicroelectronics.X-CUBE-AZRTOS-G0.1.1.0
2024-06-16 07:29:37,848 [WARN] PackLoader:240 - Cannot read IP mode file for STMicroelectronics.X-CUBE-SAFEA1.1.2.2
2024-06-16 07:29:37,860 [WARN] PackLoader:240 - Cannot read IP mode file for STMicroelectronics.X-CUBE-NFC4.3.0.0
2024-06-16 07:29:37,872 [WARN] PackLoader:240 - Cannot read IP mode file for wolfSSL.I-CUBE-wolfSSL.5.7.0
2024-06-16 07:29:37,881 [WARN] PackLoader:240 - Cannot read IP mode file for STMicroelectronics.FP-ATR-SIGFOX1.3.2.0
2024-06-16 07:29:37,896 [WARN] PackLoader:240 - Cannot read IP mode file for STMicroelectronics.X-CUBE-EEPRMA1.5.1.0
2024-06-16 07:29:37,909 [WARN] PackLoader:240 - Cannot read IP mode file for ITTIA_DB.I-CUBE-ITTIADB.8.9.0
2024-06-16 07:29:37,942 [WARN] PackLoader:240 - Cannot read IP mode file for SEGGER.I-CUBE-embOS.1.3.1
2024-06-16 07:29:38,005 [WARN] PackLoader:240 - Cannot read IP mode file for STMicroelectronics.X-CUBE-ALGOBUILD.1.4.0
2024-06-16 07:29:38,015 [WARN] PackLoader:240 - Cannot read IP mode file for STMicroelectronics.X-CUBE-GNSS1.6.0.0
2024-06-16 07:29:38,046 [WARN] PackLoader:240 - Cannot read IP mode file for STMicroelectronics.X-CUBE-AZRTOS-F4.1.1.0
2024-06-16 07:29:38,058 [WARN] PackLoader:240 - Cannot read IP mode file for STMicroelectronics.X-CUBE-FREERTOS.1.2.0
2024-06-16 07:29:38,086 [WARN] PackLoader:240 - Cannot read IP mode file for STMicroelectronics.X-CUBE-AZRTOS-L5.2.0.0
2024-06-16 07:29:38,100 [WARN] PackLoader:240 - Cannot read IP mode file for STMicroelectronics.X-CUBE-NFC6.3.1.0
2024-06-16 07:29:38,112 [WARN] PackLoader:240 - Cannot read IP mode file for STMicroelectronics.X-CUBE-AI.9.0.0
2024-06-16 07:29:38,122 [WARN] PackLoader:240 - Cannot read IP mode file for STMicroelectronics.X-CUBE-NFC7.1.0.1
2024-06-16 07:29:38,146 [WARN] ConditionMgr:438 - getConditionDescription Invalid condition id : LAN8742 Phy interface Condition cause : null
2024-06-16 07:29:38,147 [WARN] PackLoader:240 - Cannot read IP mode file for STMicroelectronics.X-CUBE-AZRTOS-L4.2.0.0
2024-06-16 07:29:38,147 [WARN] ConditionMgr:1039 - genDependencies : Invalid condition id : LAN8742 Phy interface Condition cause : null
2024-06-16 07:29:38,147 [WARN] ConditionMgr:1039 - genDependencies : Invalid condition id : LAN8742 Phy interface Condition cause : null
2024-06-16 07:29:38,148 [WARN] ConditionMgr:1039 - genDependencies : Invalid condition id : LAN8742 Phy interface Condition cause : null
2024-06-16 07:29:38,161 [WARN] PackLoader:240 - Cannot read IP mode file for STMicroelectronics.X-CUBE-SFXS2LP1.4.0.0
2024-06-16 07:29:38,181 [WARN] ConditionMgr:438 - getConditionDescription Invalid condition id : UX DEVICE CLASS RTOS Condition cause : null
2024-06-16 07:29:38,181 [WARN] ConditionMgr:438 - getConditionDescription Invalid condition id : UX DEVICE CLASS RTOS Condition cause : null
2024-06-16 07:29:38,183 [WARN] PackLoader:240 - Cannot read IP mode file for STMicroelectronics.X-CUBE-AZRTOS-WB.2.0.0
2024-06-16 07:29:38,183 [WARN] ConditionMgr:1039 - genDependencies : Invalid condition id : UX DEVICE CLASS RTOS Condition cause : null
2024-06-16 07:29:38,183 [WARN] ConditionMgr:1039 - genDependencies : Invalid condition id : UX DEVICE CLASS RTOS Condition cause : null
2024-06-16 07:29:38,183 [WARN] ConditionMgr:1039 - genDependencies : Invalid condition id : UX DEVICE CLASS RTOS Condition cause : null
2024-06-16 07:29:38,184 [WARN] ConditionMgr:1039 - genDependencies : Invalid condition id : UX DEVICE CLASS RTOS Condition cause : null
2024-06-16 07:29:38,184 [WARN] ConditionMgr:1039 - genDependencies : Invalid condition id : UX DEVICE CLASS RTOS Condition cause : null
2024-06-16 07:29:38,203 [WARN] PackLoader:240 - Cannot read IP mode file for STMicroelectronics.X-CUBE-SUBG2.5.0.0
2024-06-16 07:29:38,231 [WARN] PackLoader:240 - Cannot read IP mode file for STMicroelectronics.X-CUBE-AZRTOS-G4.2.0.0
2024-06-16 07:29:38,243 [WARN] PackLoader:240 - Cannot read IP mode file for STMicroelectronics.X-CUBE-ISPU.2.0.0
2024-06-16 07:29:38,254 [WARN] PackLoader:240 - Cannot read IP mode file for STMicroelectronics.X-CUBE-ALS.1.0.2
2024-06-16 07:29:38,293 [WARN] PackLoader:240 - Cannot read IP mode file for STMicroelectronics.X-CUBE-MEMS1.10.0.0
2024-06-16 07:29:38,381 [WARN] PackLoader:240 - Cannot read IP mode file for STMicroelectronics.X-CUBE-FREERTOS.1.1.0
2024-06-16 07:29:38,393 [WARN] PackLoader:240 - Cannot read IP mode file for portGmbH.I-Cube-SoM-uGOAL.1.1.0
2024-06-16 07:29:38,403 [WARN] PackLoader:240 - Cannot read IP mode file for STMicroelectronics.X-CUBE-ALS.1.0.1
2024-06-16 07:29:38,428 [WARN] PackLoader:240 - Cannot read IP mode file for STMicroelectronics.X-CUBE-AZRTOS-H7RS.1.0.0
2024-06-16 07:29:38,439 [WARN] PackLoader:240 - Cannot read IP mode file for STMicroelectronics.FP-ATR-ASTRA1.2.0.0
2024-06-16 07:29:38,459 [WARN] PackLoader:240 - Cannot read IP mode file for STMicroelectronics.X-CUBE-TOF1.3.4.1
2024-06-16 07:29:38,491 [WARN] PackLoader:240 - Cannot read IP mode file for STMicroelectronics.X-CUBE-AZRTOS-H7.3.2.0
2024-06-16 07:29:38,511 [WARN] PackLoader:240 - Cannot read IP mode file for Infineon.AIROC-Wi-Fi-Bluetooth-STM32.1.6.0
2024-06-16 07:29:38,514 [INFO] ThirdParty:978 - Integrity check success = true
2024-06-16 07:29:38,514 [INFO] IntegrityCheckThread:100 - exiting critical section [integrity check]
2024-06-16 07:29:38,514 [INFO] IntegrityCheckThread:103 - End integrity checks thread
2024-06-16 07:29:41,780 [INFO] WebApp:161 - Instantiating new browser for Auth
2024-06-16 07:29:42,198 [INFO] WebApp:779 - Register for checkConnection events
2024-06-16 07:29:42,198 [INFO] WebApp:414 - Apply proxy settings
2024-06-16 07:29:42,198 [INFO] WebApp:499 - Chromium requires no authentication
2024-06-16 07:29:42,203 [INFO] WebApp:442 - Direct internet connection detected
2024-06-16 07:29:42,328 [INFO] WebApp:192 - Starting web application
2024-06-16 07:29:42,328 [INFO] WebApp:544 - Web application path used D:\ST\STM32CubeIDE_1.15.0\STM32CubeIDE\plugins\com.st.stm32cube.common.mx_6.11.0.202403141607\db\plugins\mcufinder\reactClient1\index.html
2024-06-16 08:12:43,335 [ERROR] LogOutputStream:75 - [STDERR_REDIRECT] 
2024-06-16 08:28:53,250 [INFO] Activator:176 - 


2024-06-16 08:28:53,250 [INFO] Activator:177 - !SESSION log4j initialized
2024-06-16 08:28:57,312 [INFO] LogOutputStream:77 - [STDOUT_REDIRECT] 
2024-06-16 08:28:59,959 [INFO] ApplicationProperties:184 - Using Application install path: D:\ST\STM32CubeIDE_1.15.0\STM32CubeIDE\plugins\com.st.stm32cube.common.mx_6.11.0.202403141607
2024-06-16 08:28:59,973 [INFO] DbMcusXml:78 - Set database path to: D:\ST\STM32CubeIDE_1.15.0\STM32CubeIDE\plugins\com.st.stm32cube.common.mx_6.11.0.202403141607\\db\/mcu/
2024-06-16 08:28:59,973 [INFO] ApiDb:274 - Set plugin database path to: D:\ST\STM32CubeIDE_1.15.0\STM32CubeIDE\plugins\com.st.stm32cube.common.mx_6.11.0.202403141607\\db\/plugins/boardmanager/
2024-06-16 08:28:59,973 [WARN] ApiDb:259 - Overriding images path with different value:  => D:\ST\STM32CubeIDE_1.15.0\STM32CubeIDE\plugins\com.st.stm32cube.common.mx_6.11.0.202403141607\\db\/plugins/mcufinder/images/
2024-06-16 08:28:59,978 [INFO] ApiDb:250 - Set database path to: C:\Users\pedro\.stmcufinder\plugins\mcufinder//mcu/
2024-06-16 08:28:59,979 [INFO] DbMcusAds:125 - Set database path to: C:\Users\pedro\.stmcufinder\plugins\mcufinder//mcu/
2024-06-16 08:28:59,981 [INFO] CrossReferenceDbSqlite:203 - Set database path to: C:\Users\pedro\.stmcufinder\plugins\mcufinder//mcu/cs/
2024-06-16 08:29:00,074 [INFO] RulesReader:64 - Compatibility file has been processed (297 Rules)
2024-06-16 08:29:00,136 [INFO] DbMcusXml:78 - Set database path to: D:\ST\STM32CubeIDE_1.15.0\STM32CubeIDE\plugins\com.st.stm32cube.common.mx_6.11.0.202403141607\\db\/mcu/
2024-06-16 08:29:00,136 [INFO] ApiDb:274 - Set plugin database path to: D:\ST\STM32CubeIDE_1.15.0\STM32CubeIDE\plugins\com.st.stm32cube.common.mx_6.11.0.202403141607\\db\/plugins/boardmanager/
2024-06-16 08:29:00,136 [INFO] ApiDb:261 - Set plugin images path to: D:\ST\STM32CubeIDE_1.15.0\STM32CubeIDE\plugins\com.st.stm32cube.common.mx_6.11.0.202403141607\\db\/plugins/mcufinder/images/
2024-06-16 08:29:00,136 [WARN] DbFile:41 - Overriding database path with different value: C:\Users\pedro\.stmcufinder\plugins\mcufinder/ => C:\Users\pedro\.stmcufinder\plugins\mcufinder
2024-06-16 08:29:00,136 [INFO] ApiDb:250 - Set database path to: C:\Users\pedro\.stmcufinder\plugins\mcufinder//mcu/
2024-06-16 08:29:00,136 [WARN] DbFile:41 - Overriding database path with different value: C:\Users\pedro\.stmcufinder\plugins\mcufinder/ => C:\Users\pedro\.stmcufinder\plugins\mcufinder
2024-06-16 08:29:00,136 [INFO] DbMcusAds:125 - Set database path to: C:\Users\pedro\.stmcufinder\plugins\mcufinder//mcu/
2024-06-16 08:29:00,136 [WARN] DbFile:41 - Overriding database path with different value: C:\Users\pedro\.stmcufinder\plugins\mcufinder/ => C:\Users\pedro\.stmcufinder\plugins\mcufinder
2024-06-16 08:29:00,137 [WARN] DbFile:41 - Overriding database path with different value: C:\Users\pedro\.stmcufinder\plugins\mcufinder/ => C:\Users\pedro\.stmcufinder\plugins\mcufinder
2024-06-16 08:29:00,137 [INFO] CrossReferenceDbSqlite:203 - Set database path to: C:\Users\pedro\.stmcufinder\plugins\mcufinder//mcu/cs/
2024-06-16 08:29:00,193 [INFO] MainPanel:264 - HeapMemory: 268435456
2024-06-16 08:29:00,269 [INFO] DbMcusXml:78 - Set database path to: D:\ST\STM32CubeIDE_1.15.0\STM32CubeIDE\plugins\com.st.stm32cube.common.mx_6.11.0.202403141607\\db\/mcu/
2024-06-16 08:29:00,269 [INFO] ApiDb:274 - Set plugin database path to: D:\ST\STM32CubeIDE_1.15.0\STM32CubeIDE\plugins\com.st.stm32cube.common.mx_6.11.0.202403141607\\db\/plugins/boardmanager/
2024-06-16 08:29:00,269 [INFO] ApiDb:261 - Set plugin images path to: D:\ST\STM32CubeIDE_1.15.0\STM32CubeIDE\plugins\com.st.stm32cube.common.mx_6.11.0.202403141607\\db\/plugins/mcufinder/images/
2024-06-16 08:29:00,270 [WARN] DbFile:41 - Overriding database path with different value: C:\Users\pedro\.stmcufinder\plugins\mcufinder/ => C:\Users\pedro\.stmcufinder\plugins\mcufinder
2024-06-16 08:29:00,270 [INFO] ApiDb:250 - Set database path to: C:\Users\pedro\.stmcufinder\plugins\mcufinder//mcu/
2024-06-16 08:29:00,270 [WARN] DbFile:41 - Overriding database path with different value: C:\Users\pedro\.stmcufinder\plugins\mcufinder/ => C:\Users\pedro\.stmcufinder\plugins\mcufinder
2024-06-16 08:29:00,270 [INFO] DbMcusAds:125 - Set database path to: C:\Users\pedro\.stmcufinder\plugins\mcufinder//mcu/
2024-06-16 08:29:00,270 [WARN] DbFile:41 - Overriding database path with different value: C:\Users\pedro\.stmcufinder\plugins\mcufinder/ => C:\Users\pedro\.stmcufinder\plugins\mcufinder
2024-06-16 08:29:00,270 [WARN] DbFile:41 - Overriding database path with different value: C:\Users\pedro\.stmcufinder\plugins\mcufinder/ => C:\Users\pedro\.stmcufinder\plugins\mcufinder
2024-06-16 08:29:00,270 [INFO] CrossReferenceDbSqlite:203 - Set database path to: C:\Users\pedro\.stmcufinder\plugins\mcufinder//mcu/cs/
2024-06-16 08:29:00,284 [INFO] ApplicationProperties:184 - Using Application install path: D:\ST\STM32CubeIDE_1.15.0\STM32CubeIDE\plugins\com.st.stm32cube.common.mx_6.11.0.202403141607
2024-06-16 08:29:00,285 [INFO] PluginManage:196 - Search for loadable plugins [exclusion list=, ]
2024-06-16 08:29:00,286 [INFO] PluginManage:310 - Check plugin analytics
2024-06-16 08:29:00,427 [INFO] AnalyticsPlugin:253 - Accepted Software Licenses: 
2024-06-16 08:29:00,427 [INFO] AnalyticsPlugin:255 - Accepted CMSIS Pack Licenses: 
2024-06-16 08:29:00,427 [INFO] AnalyticsPlugin:257 - Accepted Firmware Licenses: 
2024-06-16 08:29:00,430 [INFO] PluginManage:359 - Loaded plugin analytics (category:tool,tabindex:-1)
2024-06-16 08:29:00,430 [INFO] PluginManage:310 - Check plugin cadmodel
2024-06-16 08:29:00,441 [INFO] CADModel:105 - Init CAD model plugin
2024-06-16 08:29:00,442 [INFO] PluginManage:359 - Loaded plugin cadmodel (category:power,tabindex:5)
2024-06-16 08:29:00,442 [INFO] PluginManage:310 - Check plugin clock
2024-06-16 08:29:00,458 [INFO] PluginManage:359 - Loaded plugin clock (category:base,tabindex:2)
2024-06-16 08:29:00,459 [INFO] PluginManage:310 - Check plugin ddr
2024-06-16 08:29:00,460 [INFO] PluginManage:359 - Loaded plugin ddr (category:tool,tabindex:6)
2024-06-16 08:29:00,460 [INFO] PluginManage:310 - Check plugin filemanager
2024-06-16 08:29:00,598 [INFO] PluginManage:359 - Loaded plugin filemanager (category:base,tabindex:10)
2024-06-16 08:29:00,599 [INFO] PluginManage:310 - Check plugin ipmanager
2024-06-16 08:29:00,604 [INFO] PluginManage:359 - Loaded plugin ipmanager (category:base,tabindex:5)
2024-06-16 08:29:00,605 [INFO] PluginManage:310 - Check plugin lpbam
2024-06-16 08:29:00,620 [INFO] PluginManage:359 - Loaded plugin lpbam (category:base,tabindex:0)
2024-06-16 08:29:00,620 [INFO] PluginManage:310 - Check plugin memorymap
2024-06-16 08:29:00,639 [INFO] PluginManage:359 - Loaded plugin memorymap (category:base,tabindex:4)
2024-06-16 08:29:00,639 [INFO] PluginManage:310 - Check plugin pinoutandconfiguration
2024-06-16 08:29:00,653 [INFO] PluginManage:359 - Loaded plugin pinoutandconfiguration (category:base,tabindex:1)
2024-06-16 08:29:00,653 [INFO] PluginManage:310 - Check plugin pinoutconfig
2024-06-16 08:29:00,732 [WARN] SupportedApi:132 - Cannot load RTOS API schema: s4s-elt-must-match.1: The content of 'definitions' must match (annotation?, (simpleType | complexType)?, (unique | key | keyref)*)). A problem was found starting at: attribute.
2024-06-16 08:29:00,845 [INFO] PluginManage:359 - Loaded plugin pinoutconfig (category:base,tabindex:0)
2024-06-16 08:29:00,845 [INFO] PluginManage:310 - Check plugin power
2024-06-16 08:29:00,861 [INFO] PluginManage:359 - Loaded plugin power (category:power,tabindex:4)
2024-06-16 08:29:00,861 [INFO] PluginManage:310 - Check plugin projectmanager
2024-06-16 08:29:00,875 [INFO] PluginManage:359 - Loaded plugin projectmanager (category:projectmanager,tabindex:3)
2024-06-16 08:29:00,876 [INFO] PluginManage:310 - Check plugin thirdparty
2024-06-16 08:29:01,094 [INFO] PluginManage:359 - Loaded plugin thirdparty (category:base,tabindex:-1)
2024-06-16 08:29:01,094 [INFO] PluginManage:310 - Check plugin tools
2024-06-16 08:29:01,094 [WARN] IntegrityCheckThread:84 - waiting for thirdparty lock release [integrity check]
2024-06-16 08:29:01,095 [INFO] IntegrityCheckThread:86 - entering critical section [integrity check]
2024-06-16 08:29:01,095 [INFO] ThirdPartyUpdaterWithRetryManager:70 - Updater plugin not ready yet. [1/15]
2024-06-16 08:29:01,120 [INFO] PluginManage:359 - Loaded plugin tools (category:base,tabindex:7)
2024-06-16 08:29:01,120 [INFO] PluginManage:310 - Check plugin tutovideos
2024-06-16 08:29:01,263 [INFO] PluginManage:359 - Loaded plugin tutovideos (category:base,tabindex:-1)
2024-06-16 08:29:01,263 [INFO] PluginManage:310 - Check plugin updater
2024-06-16 08:29:01,271 [INFO] PluginManage:359 - Loaded plugin updater (category:base,tabindex:12)
2024-06-16 08:29:01,271 [INFO] PluginManage:310 - Check plugin userauth
2024-06-16 08:29:01,276 [INFO] UserAuth:114 - Init User Auth plugin
2024-06-16 08:29:01,276 [INFO] PluginManage:359 - Loaded plugin userauth (category:base,tabindex:14)
2024-06-16 08:29:01,276 [INFO] PluginManage:283 - PluginManage : Loaded plugins [17]
2024-06-16 08:29:01,437 [INFO] PinOutPanel:1561 - setPackage(No Configuration,No Configuration)
2024-06-16 08:29:01,496 [INFO] CADModel:165 - CPN selected for project level
2024-06-16 08:29:01,496 [INFO] CADModel:114 - Register for checkConnection events
2024-06-16 08:29:01,518 [INFO] IPUIPlugin:80 - create IPUIPlugin
2024-06-16 08:29:01,519 [INFO] PluginManager:220 - loadIPPluginJar : add adc
2024-06-16 08:29:01,554 [INFO] IPUIPlugin:80 - create IPUIPlugin
2024-06-16 08:29:01,554 [INFO] PluginManager:220 - loadIPPluginJar : add aes
2024-06-16 08:29:01,590 [INFO] IPUIPlugin:80 - create IPUIPlugin
2024-06-16 08:29:01,590 [INFO] PluginManager:220 - loadIPPluginJar : add can
2024-06-16 08:29:01,607 [INFO] IPUIPlugin:80 - create IPUIPlugin
2024-06-16 08:29:01,607 [INFO] PluginManager:220 - loadIPPluginJar : add comp
2024-06-16 08:29:01,632 [INFO] IPUIPlugin:80 - create IPUIPlugin
2024-06-16 08:29:01,633 [INFO] PluginManager:220 - loadIPPluginJar : add cryp
2024-06-16 08:29:01,656 [INFO] IPUIPlugin:80 - create IPUIPlugin
2024-06-16 08:29:01,656 [INFO] PluginManager:220 - loadIPPluginJar : add dfsdm
2024-06-16 08:29:01,667 [INFO] IPUIPlugin:80 - create IPUIPlugin
2024-06-16 08:29:01,668 [INFO] PluginManager:220 - loadIPPluginJar : add dma
2024-06-16 08:29:01,704 [INFO] IPUIPlugin:80 - create IPUIPlugin
2024-06-16 08:29:01,704 [INFO] PluginManager:220 - loadIPPluginJar : add dma3
2024-06-16 08:29:01,740 [INFO] IPUIPlugin:80 - create IPUIPlugin
2024-06-16 08:29:01,740 [INFO] PluginManager:220 - loadIPPluginJar : add extmemmanager
2024-06-16 08:29:01,757 [INFO] IPUIPlugin:80 - create IPUIPlugin
2024-06-16 08:29:01,757 [INFO] PluginManager:220 - loadIPPluginJar : add fatfs
2024-06-16 08:29:01,795 [INFO] IPUIPlugin:80 - create IPUIPlugin
2024-06-16 08:29:01,795 [INFO] PluginManager:220 - loadIPPluginJar : add fmc
2024-06-16 08:29:01,808 [INFO] IPUIPlugin:80 - create IPUIPlugin
2024-06-16 08:29:01,808 [INFO] PluginManager:220 - loadIPPluginJar : add freertos
2024-06-16 08:29:01,824 [INFO] IPUIPlugin:80 - create IPUIPlugin
2024-06-16 08:29:01,824 [INFO] PluginManager:220 - loadIPPluginJar : add genericplugin
2024-06-16 08:29:01,895 [INFO] IPUIPlugin:80 - create IPUIPlugin
2024-06-16 08:29:01,895 [INFO] PluginManager:220 - loadIPPluginJar : add gfxmmu
2024-06-16 08:29:01,998 [INFO] IPUIPlugin:80 - create IPUIPlugin
2024-06-16 08:29:01,998 [INFO] PluginManager:220 - loadIPPluginJar : add gic
2024-06-16 08:29:02,008 [INFO] IPUIPlugin:80 - create IPUIPlugin
2024-06-16 08:29:02,008 [INFO] PluginManager:220 - loadIPPluginJar : add gpio
2024-06-16 08:29:02,077 [INFO] IPUIPlugin:80 - create IPUIPlugin
2024-06-16 08:29:02,077 [INFO] PluginManager:220 - loadIPPluginJar : add gtzc
2024-06-16 08:29:02,101 [INFO] IPUIPlugin:80 - create IPUIPlugin
2024-06-16 08:29:02,101 [INFO] PluginManager:220 - loadIPPluginJar : add hash
2024-06-16 08:29:02,143 [INFO] IPUIPlugin:80 - create IPUIPlugin
2024-06-16 08:29:02,144 [INFO] PluginManager:220 - loadIPPluginJar : add i2c
2024-06-16 08:29:02,173 [INFO] IPUIPlugin:80 - create IPUIPlugin
2024-06-16 08:29:02,173 [INFO] PluginManager:220 - loadIPPluginJar : add i2s
2024-06-16 08:29:02,204 [INFO] IPUIPlugin:80 - create IPUIPlugin
2024-06-16 08:29:02,204 [INFO] PluginManager:220 - loadIPPluginJar : add i3c
2024-06-16 08:29:02,284 [INFO] IPUIPlugin:80 - create IPUIPlugin
2024-06-16 08:29:02,284 [INFO] PluginManager:220 - loadIPPluginJar : add ipddr
2024-06-16 08:29:02,359 [INFO] IPUIPlugin:80 - create IPUIPlugin
2024-06-16 08:29:02,360 [INFO] PluginManager:220 - loadIPPluginJar : add linkedlist
2024-06-16 08:29:02,390 [INFO] IPUIPlugin:80 - create IPUIPlugin
2024-06-16 08:29:02,391 [INFO] PluginManager:220 - loadIPPluginJar : add lorawan
2024-06-16 08:29:02,421 [INFO] IPUIPlugin:80 - create IPUIPlugin
2024-06-16 08:29:02,421 [INFO] PluginManager:220 - loadIPPluginJar : add ltdc
2024-06-16 08:29:02,437 [INFO] IPUIPlugin:80 - create IPUIPlugin
2024-06-16 08:29:02,437 [INFO] PluginManager:220 - loadIPPluginJar : add mdma
2024-06-16 08:29:02,447 [INFO] IPUIPlugin:80 - create IPUIPlugin
2024-06-16 08:29:02,447 [INFO] PluginManager:220 - loadIPPluginJar : add nvic
2024-06-16 08:29:02,479 [INFO] IPUIPlugin:80 - create IPUIPlugin
2024-06-16 08:29:02,479 [INFO] PluginManager:220 - loadIPPluginJar : add opamp
2024-06-16 08:29:02,529 [INFO] IPUIPlugin:80 - create IPUIPlugin
2024-06-16 08:29:02,529 [INFO] PluginManager:220 - loadIPPluginJar : add openamp
2024-06-16 08:29:02,563 [INFO] IPUIPlugin:80 - create IPUIPlugin
2024-06-16 08:29:02,563 [INFO] PluginManager:220 - loadIPPluginJar : add pdm2pcm
2024-06-16 08:29:02,574 [INFO] IPUIPlugin:80 - create IPUIPlugin
2024-06-16 08:29:02,575 [INFO] PluginManager:220 - loadIPPluginJar : add plateformsettings
2024-06-16 08:29:02,593 [INFO] IPUIPlugin:80 - create IPUIPlugin
2024-06-16 08:29:02,593 [INFO] PluginManager:220 - loadIPPluginJar : add quadspi
2024-06-16 08:29:02,603 [INFO] IPUIPlugin:80 - create IPUIPlugin
2024-06-16 08:29:02,604 [INFO] PluginManager:220 - loadIPPluginJar : add resmgrutility
2024-06-16 08:29:02,641 [INFO] IPUIPlugin:80 - create IPUIPlugin
2024-06-16 08:29:02,642 [INFO] PluginManager:220 - loadIPPluginJar : add sai
2024-06-16 08:29:02,670 [INFO] IPUIPlugin:80 - create IPUIPlugin
2024-06-16 08:29:02,670 [INFO] PluginManager:220 - loadIPPluginJar : add spi
2024-06-16 08:29:02,722 [INFO] IPUIPlugin:80 - create IPUIPlugin
2024-06-16 08:29:02,722 [INFO] PluginManager:220 - loadIPPluginJar : add stm32_wpan
2024-06-16 08:29:02,741 [INFO] IPUIPlugin:80 - create IPUIPlugin
2024-06-16 08:29:02,741 [INFO] PluginManager:220 - loadIPPluginJar : add tim
2024-06-16 08:29:02,787 [INFO] IPUIPlugin:80 - create IPUIPlugin
2024-06-16 08:29:02,787 [INFO] PluginManager:220 - loadIPPluginJar : add touchsensing
2024-06-16 08:29:02,804 [INFO] IPUIPlugin:80 - create IPUIPlugin
2024-06-16 08:29:02,804 [INFO] PluginManager:220 - loadIPPluginJar : add tracer_emb
2024-06-16 08:29:02,823 [INFO] IPUIPlugin:80 - create IPUIPlugin
2024-06-16 08:29:02,823 [INFO] PluginManager:220 - loadIPPluginJar : add ts
2024-06-16 08:29:02,841 [INFO] IPUIPlugin:80 - create IPUIPlugin
2024-06-16 08:29:02,841 [INFO] PluginManager:220 - loadIPPluginJar : add tsc
2024-06-16 08:29:02,858 [INFO] IPUIPlugin:80 - create IPUIPlugin
2024-06-16 08:29:02,859 [INFO] PluginManager:220 - loadIPPluginJar : add ucpd
2024-06-16 08:29:02,893 [INFO] IPUIPlugin:80 - create IPUIPlugin
2024-06-16 08:29:02,893 [INFO] PluginManager:220 - loadIPPluginJar : add usart
2024-06-16 08:29:02,926 [INFO] IPUIPlugin:80 - create IPUIPlugin
2024-06-16 08:29:02,926 [INFO] PluginManager:220 - loadIPPluginJar : add usbx
2024-06-16 08:29:03,042 [INFO] CADModel:165 - CPN selected for project level
2024-06-16 08:29:03,042 [INFO] CADModel:114 - Register for checkConnection events
2024-06-16 08:29:03,043 [FATAL] Updater:308 - Updater called before beeing initialized
2024-06-16 08:29:03,043 [ERROR] CADModel:125 - Updater not yet initialized, retry later 
2024-06-16 08:29:03,145 [INFO] CADModel:165 - CPN selected for project level
2024-06-16 08:29:03,146 [INFO] CADModel:114 - Register for checkConnection events
2024-06-16 08:29:03,146 [FATAL] Updater:308 - Updater called before beeing initialized
2024-06-16 08:29:03,146 [ERROR] CADModel:125 - Updater not yet initialized, retry later 
2024-06-16 08:29:03,148 [FATAL] Updater:308 - Updater called before beeing initialized
2024-06-16 08:29:03,227 [FATAL] Updater:308 - Updater called before beeing initialized
2024-06-16 08:29:03,234 [INFO] DbMcusAds:53 - JSON generation date=Thu May 16 06:22:00 BRT 2024 (1715851320667)
2024-06-16 08:29:03,235 [FATAL] Updater:308 - Updater called before beeing initialized
2024-06-16 08:29:03,294 [WARN] DetailPanel:346 - Failed to get advertising image, set to default
2024-06-16 08:29:03,373 [FATAL] Updater:308 - Updater called before beeing initialized
2024-06-16 08:29:03,374 [FATAL] Updater:308 - Updater called before beeing initialized
2024-06-16 08:29:03,374 [FATAL] Updater:308 - Updater called before beeing initialized
2024-06-16 08:29:03,374 [WARN] DetailPanel:346 - Failed to get advertising image, set to default
2024-06-16 08:29:03,375 [FATAL] Updater:308 - Updater called before beeing initialized
2024-06-16 08:29:03,421 [ERROR] Updater:1120 - MainUpdater not yet initialized. External WinMGr cannot be set.
2024-06-16 08:29:03,430 [INFO] Updater:1056 - Updater Version found : 6.11.0
2024-06-16 08:29:03,445 [INFO] ApplicationProperties:184 - Using Application install path: D:\ST\STM32CubeIDE_1.15.0\STM32CubeIDE\plugins\com.st.stm32cube.common.mx_6.11.0.202403141607
2024-06-16 08:29:04,098 [INFO] ThirdPartyUpdaterWithRetryManager:70 - Updater plugin not ready yet. [2/15]
2024-06-16 08:29:05,017 [ERROR] LogOutputStream:75 - [STDERR_REDIRECT] Jun 16, 2024 8:29:05 AM java.util.prefs.WindowsPreferences <init>
2024-06-16 08:29:05,018 [ERROR] LogOutputStream:75 - [STDERR_REDIRECT] WARNING: Could not open/create prefs root node Software\JavaSoft\Prefs at root 0xffffffff80000002. Windows RegCreateKeyEx(...) returned error code 5.
2024-06-16 08:29:05,019 [ERROR] LogOutputStream:75 - [STDERR_REDIRECT] 
2024-06-16 08:29:06,253 [INFO] MainUpdater:2873 - connection check result : 10
2024-06-16 08:29:06,254 [INFO] MainUpdater:290 - Updater Check For Update Now.
2024-06-16 08:29:06,254 [INFO] MicroXplorer:498 - Change Database Version : DB.6.0.110
2024-06-16 08:29:06,266 [INFO] McuFinderGlobals:63 - Set McuFinder mode to 2 (CubeIDE integrated)
2024-06-16 08:29:06,276 [INFO] UserAuth:415 - Internet connection configuration mode: 1
2024-06-16 08:29:06,300 [INFO] JxBrowserEngine:152 - Initiate JxBrowser Engine with user profile folder
2024-06-16 08:29:06,445 [INFO] CheckServerUpdateThread:120 - End of CheckServer Thread
2024-06-16 08:29:07,218 [WARN] PackLoader:240 - Cannot read IP mode file for STMicroelectronics.FP-SNS-MOTENVWB1.1.4.0
2024-06-16 08:29:07,232 [WARN] PackLoader:240 - Cannot read IP mode file for STMicroelectronics.X-CUBE-SMBUS.2.1.0
2024-06-16 08:29:07,242 [WARN] PackLoader:240 - Cannot read IP mode file for STMicroelectronics.X-CUBE-TOUCHGFX.4.23.2
2024-06-16 08:29:07,278 [WARN] PackLoader:240 - Cannot read IP mode file for STMicroelectronics.X-CUBE-AZRTOS-F7.1.1.0
2024-06-16 08:29:07,293 [WARN] PackLoader:240 - Cannot read IP mode file for STMicroelectronics.FP-SNS-FLIGHT1.5.0.2
2024-06-16 08:29:07,306 [WARN] PackLoader:240 - Cannot read IP mode file for STMicroelectronics.X-CUBE-DISPLAY.3.0.0
2024-06-16 08:29:07,332 [WARN] PackLoader:240 - Cannot read IP mode file for STMicroelectronics.X-CUBE-BLE1.7.0.0
2024-06-16 08:29:07,344 [WARN] PackLoader:240 - Cannot read IP mode file for emotas.I-CUBE-CANOPEN.1.3.0
2024-06-16 08:29:07,360 [WARN] PackLoader:240 - Cannot read IP mode file for STMicroelectronics.X-CUBE-BLEMGR.3.1.0
2024-06-16 08:29:07,372 [WARN] PackLoader:240 - Cannot read IP mode file for STMicroelectronics.FP-SNS-SMARTAG2.1.2.0
2024-06-16 08:29:07,390 [INFO] LogOutputStream:77 - [STDOUT_REDIRECT] 1 : Invalid condition id : UX_CORESTACK_Condition cause : null
2024-06-16 08:29:07,391 [INFO] LogOutputStream:77 - [STDOUT_REDIRECT] 1 : Invalid condition id : UX_CORESTACK_Condition cause : null
2024-06-16 08:29:07,392 [INFO] LogOutputStream:77 - [STDOUT_REDIRECT] 1 : Invalid condition id : UX_CORESTACK_Condition cause : null
2024-06-16 08:29:07,393 [INFO] LogOutputStream:77 - [STDOUT_REDIRECT] 1 : Invalid condition id : UX_CORESTACK_Condition cause : null
2024-06-16 08:29:07,394 [INFO] LogOutputStream:77 - [STDOUT_REDIRECT] 1 : Invalid condition id : UX_CORESTACK_Condition cause : null
2024-06-16 08:29:07,396 [WARN] PackLoader:240 - Cannot read IP mode file for STMicroelectronics.X-CUBE-AZRTOS-WL.2.0.0
2024-06-16 08:29:07,409 [WARN] PackLoader:240 - Cannot read IP mode file for STMicroelectronics.FP-SNS-MOTENV1.5.0.0
2024-06-16 08:29:07,422 [WARN] PackLoader:240 - Cannot read IP mode file for wolfSSL.I-CUBE-wolfMQTT.1.19.0
2024-06-16 08:29:07,433 [WARN] PackLoader:240 - Cannot read IP mode file for WES.I-CUBE-Cesium.1.3.0
2024-06-16 08:29:07,444 [WARN] PackLoader:240 - Cannot read IP mode file for STMicroelectronics.X-CUBE-BLE2.3.3.0
2024-06-16 08:29:07,453 [WARN] PackLoader:240 - Cannot read IP mode file for STMicroelectronics.X-CUBE-TCPP.4.1.0
2024-06-16 08:29:07,465 [WARN] PackLoader:240 - Cannot read IP mode file for STMicroelectronics.X-CUBE-ALGOBUILD.1.3.0
2024-06-16 08:29:07,487 [WARN] PackLoader:240 - Cannot read IP mode file for STMicroelectronics.X-CUBE-AZRTOS-G0.1.1.0
2024-06-16 08:29:07,499 [WARN] PackLoader:240 - Cannot read IP mode file for STMicroelectronics.X-CUBE-SAFEA1.1.2.2
2024-06-16 08:29:07,509 [WARN] PackLoader:240 - Cannot read IP mode file for STMicroelectronics.X-CUBE-NFC4.3.0.0
2024-06-16 08:29:07,519 [WARN] PackLoader:240 - Cannot read IP mode file for wolfSSL.I-CUBE-wolfSSL.5.7.0
2024-06-16 08:29:07,529 [WARN] PackLoader:240 - Cannot read IP mode file for STMicroelectronics.FP-ATR-SIGFOX1.3.2.0
2024-06-16 08:29:07,539 [WARN] PackLoader:240 - Cannot read IP mode file for STMicroelectronics.X-CUBE-EEPRMA1.5.1.0
2024-06-16 08:29:07,551 [WARN] PackLoader:240 - Cannot read IP mode file for ITTIA_DB.I-CUBE-ITTIADB.8.9.0
2024-06-16 08:29:07,576 [WARN] PackLoader:240 - Cannot read IP mode file for SEGGER.I-CUBE-embOS.1.3.1
2024-06-16 08:29:07,614 [WARN] PackLoader:240 - Cannot read IP mode file for STMicroelectronics.X-CUBE-ALGOBUILD.1.4.0
2024-06-16 08:29:07,625 [WARN] PackLoader:240 - Cannot read IP mode file for STMicroelectronics.X-CUBE-GNSS1.6.0.0
2024-06-16 08:29:07,649 [WARN] PackLoader:240 - Cannot read IP mode file for STMicroelectronics.X-CUBE-AZRTOS-F4.1.1.0
2024-06-16 08:29:07,661 [WARN] PackLoader:240 - Cannot read IP mode file for STMicroelectronics.X-CUBE-FREERTOS.1.2.0
2024-06-16 08:29:07,683 [WARN] PackLoader:240 - Cannot read IP mode file for STMicroelectronics.X-CUBE-AZRTOS-L5.2.0.0
2024-06-16 08:29:07,701 [WARN] PackLoader:240 - Cannot read IP mode file for STMicroelectronics.X-CUBE-NFC6.3.1.0
2024-06-16 08:29:07,711 [WARN] PackLoader:240 - Cannot read IP mode file for STMicroelectronics.X-CUBE-AI.9.0.0
2024-06-16 08:29:07,722 [WARN] PackLoader:240 - Cannot read IP mode file for STMicroelectronics.X-CUBE-NFC7.1.0.1
2024-06-16 08:29:07,746 [WARN] ConditionMgr:438 - getConditionDescription Invalid condition id : LAN8742 Phy interface Condition cause : null
2024-06-16 08:29:07,748 [WARN] PackLoader:240 - Cannot read IP mode file for STMicroelectronics.X-CUBE-AZRTOS-L4.2.0.0
2024-06-16 08:29:07,748 [WARN] ConditionMgr:1039 - genDependencies : Invalid condition id : LAN8742 Phy interface Condition cause : null
2024-06-16 08:29:07,748 [WARN] ConditionMgr:1039 - genDependencies : Invalid condition id : LAN8742 Phy interface Condition cause : null
2024-06-16 08:29:07,748 [WARN] ConditionMgr:1039 - genDependencies : Invalid condition id : LAN8742 Phy interface Condition cause : null
2024-06-16 08:29:07,760 [WARN] PackLoader:240 - Cannot read IP mode file for STMicroelectronics.X-CUBE-SFXS2LP1.4.0.0
2024-06-16 08:29:07,779 [WARN] ConditionMgr:438 - getConditionDescription Invalid condition id : UX DEVICE CLASS RTOS Condition cause : null
2024-06-16 08:29:07,779 [WARN] ConditionMgr:438 - getConditionDescription Invalid condition id : UX DEVICE CLASS RTOS Condition cause : null
2024-06-16 08:29:07,781 [WARN] PackLoader:240 - Cannot read IP mode file for STMicroelectronics.X-CUBE-AZRTOS-WB.2.0.0
2024-06-16 08:29:07,781 [WARN] ConditionMgr:1039 - genDependencies : Invalid condition id : UX DEVICE CLASS RTOS Condition cause : null
2024-06-16 08:29:07,781 [WARN] ConditionMgr:1039 - genDependencies : Invalid condition id : UX DEVICE CLASS RTOS Condition cause : null
2024-06-16 08:29:07,781 [WARN] ConditionMgr:1039 - genDependencies : Invalid condition id : UX DEVICE CLASS RTOS Condition cause : null
2024-06-16 08:29:07,781 [WARN] ConditionMgr:1039 - genDependencies : Invalid condition id : UX DEVICE CLASS RTOS Condition cause : null
2024-06-16 08:29:07,781 [WARN] ConditionMgr:1039 - genDependencies : Invalid condition id : UX DEVICE CLASS RTOS Condition cause : null
2024-06-16 08:29:07,798 [WARN] PackLoader:240 - Cannot read IP mode file for STMicroelectronics.X-CUBE-SUBG2.5.0.0
2024-06-16 08:29:07,821 [WARN] PackLoader:240 - Cannot read IP mode file for STMicroelectronics.X-CUBE-AZRTOS-G4.2.0.0
2024-06-16 08:29:07,832 [WARN] PackLoader:240 - Cannot read IP mode file for STMicroelectronics.X-CUBE-ISPU.2.0.0
2024-06-16 08:29:07,841 [WARN] PackLoader:240 - Cannot read IP mode file for STMicroelectronics.X-CUBE-ALS.1.0.2
2024-06-16 08:29:07,878 [WARN] PackLoader:240 - Cannot read IP mode file for STMicroelectronics.X-CUBE-MEMS1.10.0.0
2024-06-16 08:29:07,960 [WARN] PackLoader:240 - Cannot read IP mode file for STMicroelectronics.X-CUBE-FREERTOS.1.1.0
2024-06-16 08:29:07,971 [WARN] PackLoader:240 - Cannot read IP mode file for portGmbH.I-Cube-SoM-uGOAL.1.1.0
2024-06-16 08:29:07,979 [WARN] PackLoader:240 - Cannot read IP mode file for STMicroelectronics.X-CUBE-ALS.1.0.1
2024-06-16 08:29:08,003 [WARN] PackLoader:240 - Cannot read IP mode file for STMicroelectronics.X-CUBE-AZRTOS-H7RS.1.0.0
2024-06-16 08:29:08,013 [WARN] PackLoader:240 - Cannot read IP mode file for STMicroelectronics.FP-ATR-ASTRA1.2.0.0
2024-06-16 08:29:08,028 [WARN] PackLoader:240 - Cannot read IP mode file for STMicroelectronics.X-CUBE-TOF1.3.4.1
2024-06-16 08:29:08,056 [WARN] PackLoader:240 - Cannot read IP mode file for STMicroelectronics.X-CUBE-AZRTOS-H7.3.2.0
2024-06-16 08:29:08,077 [WARN] PackLoader:240 - Cannot read IP mode file for Infineon.AIROC-Wi-Fi-Bluetooth-STM32.1.6.0
2024-06-16 08:29:08,079 [INFO] ThirdParty:978 - Integrity check success = true
2024-06-16 08:29:08,079 [INFO] IntegrityCheckThread:100 - exiting critical section [integrity check]
2024-06-16 08:29:08,079 [INFO] IntegrityCheckThread:103 - End integrity checks thread
2024-06-16 08:29:12,424 [INFO] WebApp:161 - Instantiating new browser for Auth
2024-06-16 08:29:12,885 [INFO] WebApp:779 - Register for checkConnection events
2024-06-16 08:29:12,885 [INFO] WebApp:414 - Apply proxy settings
2024-06-16 08:29:12,885 [INFO] WebApp:499 - Chromium requires no authentication
2024-06-16 08:29:12,891 [INFO] WebApp:442 - Direct internet connection detected
2024-06-16 08:29:13,028 [INFO] WebApp:192 - Starting web application
2024-06-16 08:29:13,028 [INFO] WebApp:544 - Web application path used D:\ST\STM32CubeIDE_1.15.0\STM32CubeIDE\plugins\com.st.stm32cube.common.mx_6.11.0.202403141607\db\plugins\mcufinder\reactClient1\index.html
2024-06-16 10:34:24,476 [ERROR] LogOutputStream:75 - [STDERR_REDIRECT] 
