2024-06-12 21:33:11,477 [INFO] Activator:176 - 


2024-06-12 21:33:11,477 [INFO] Activator:177 - !SESSION log4j initialized
2024-06-12 21:33:13,134 [INFO] LogOutputStream:77 - [STDOUT_REDIRECT] 
2024-06-12 21:33:14,837 [INFO] ApplicationProperties:184 - Using Application install path: D:\ST\STM32CubeIDE_1.15.0\STM32CubeIDE\plugins\com.st.stm32cube.common.mx_6.11.0.202403141607
2024-06-12 21:33:14,853 [INFO] DbMcusXml:78 - Set database path to: D:\ST\STM32CubeIDE_1.15.0\STM32CubeIDE\plugins\com.st.stm32cube.common.mx_6.11.0.202403141607\\db\/mcu/
2024-06-12 21:33:14,853 [INFO] ApiDb:274 - Set plugin database path to: D:\ST\STM32CubeIDE_1.15.0\STM32CubeIDE\plugins\com.st.stm32cube.common.mx_6.11.0.202403141607\\db\/plugins/boardmanager/
2024-06-12 21:33:14,853 [WARN] ApiDb:259 - Overriding images path with different value:  => D:\ST\STM32CubeIDE_1.15.0\STM32CubeIDE\plugins\com.st.stm32cube.common.mx_6.11.0.202403141607\\db\/plugins/mcufinder/images/
2024-06-12 21:33:14,853 [INFO] ApiDb:250 - Set database path to: C:\Users\pedro\.stmcufinder\plugins\mcufinder//mcu/
2024-06-12 21:33:14,853 [INFO] DbMcusAds:125 - Set database path to: C:\Users\pedro\.stmcufinder\plugins\mcufinder//mcu/
2024-06-12 21:33:14,853 [INFO] CrossReferenceDbSqlite:203 - Set database path to: C:\Users\pedro\.stmcufinder\plugins\mcufinder//mcu/cs/
2024-06-12 21:33:14,947 [INFO] RulesReader:64 - Compatibility file has been processed (297 Rules)
2024-06-12 21:33:14,994 [INFO] DbMcusXml:78 - Set database path to: D:\ST\STM32CubeIDE_1.15.0\STM32CubeIDE\plugins\com.st.stm32cube.common.mx_6.11.0.202403141607\\db\/mcu/
2024-06-12 21:33:14,994 [INFO] ApiDb:274 - Set plugin database path to: D:\ST\STM32CubeIDE_1.15.0\STM32CubeIDE\plugins\com.st.stm32cube.common.mx_6.11.0.202403141607\\db\/plugins/boardmanager/
2024-06-12 21:33:14,994 [INFO] ApiDb:261 - Set plugin images path to: D:\ST\STM32CubeIDE_1.15.0\STM32CubeIDE\plugins\com.st.stm32cube.common.mx_6.11.0.202403141607\\db\/plugins/mcufinder/images/
2024-06-12 21:33:14,994 [WARN] DbFile:41 - Overriding database path with different value: C:\Users\pedro\.stmcufinder\plugins\mcufinder/ => C:\Users\pedro\.stmcufinder\plugins\mcufinder
2024-06-12 21:33:14,994 [INFO] ApiDb:250 - Set database path to: C:\Users\pedro\.stmcufinder\plugins\mcufinder//mcu/
2024-06-12 21:33:14,994 [WARN] DbFile:41 - Overriding database path with different value: C:\Users\pedro\.stmcufinder\plugins\mcufinder/ => C:\Users\pedro\.stmcufinder\plugins\mcufinder
2024-06-12 21:33:14,994 [INFO] DbMcusAds:125 - Set database path to: C:\Users\pedro\.stmcufinder\plugins\mcufinder//mcu/
2024-06-12 21:33:14,994 [WARN] DbFile:41 - Overriding database path with different value: C:\Users\pedro\.stmcufinder\plugins\mcufinder/ => C:\Users\pedro\.stmcufinder\plugins\mcufinder
2024-06-12 21:33:14,994 [WARN] DbFile:41 - Overriding database path with different value: C:\Users\pedro\.stmcufinder\plugins\mcufinder/ => C:\Users\pedro\.stmcufinder\plugins\mcufinder
2024-06-12 21:33:14,994 [INFO] CrossReferenceDbSqlite:203 - Set database path to: C:\Users\pedro\.stmcufinder\plugins\mcufinder//mcu/cs/
2024-06-12 21:33:15,041 [INFO] MainPanel:264 - HeapMemory: 268435456
2024-06-12 21:33:15,103 [INFO] DbMcusXml:78 - Set database path to: D:\ST\STM32CubeIDE_1.15.0\STM32CubeIDE\plugins\com.st.stm32cube.common.mx_6.11.0.202403141607\\db\/mcu/
2024-06-12 21:33:15,103 [INFO] ApiDb:274 - Set plugin database path to: D:\ST\STM32CubeIDE_1.15.0\STM32CubeIDE\plugins\com.st.stm32cube.common.mx_6.11.0.202403141607\\db\/plugins/boardmanager/
2024-06-12 21:33:15,103 [INFO] ApiDb:261 - Set plugin images path to: D:\ST\STM32CubeIDE_1.15.0\STM32CubeIDE\plugins\com.st.stm32cube.common.mx_6.11.0.202403141607\\db\/plugins/mcufinder/images/
2024-06-12 21:33:15,103 [WARN] DbFile:41 - Overriding database path with different value: C:\Users\pedro\.stmcufinder\plugins\mcufinder/ => C:\Users\pedro\.stmcufinder\plugins\mcufinder
2024-06-12 21:33:15,103 [INFO] ApiDb:250 - Set database path to: C:\Users\pedro\.stmcufinder\plugins\mcufinder//mcu/
2024-06-12 21:33:15,103 [WARN] DbFile:41 - Overriding database path with different value: C:\Users\pedro\.stmcufinder\plugins\mcufinder/ => C:\Users\pedro\.stmcufinder\plugins\mcufinder
2024-06-12 21:33:15,103 [INFO] DbMcusAds:125 - Set database path to: C:\Users\pedro\.stmcufinder\plugins\mcufinder//mcu/
2024-06-12 21:33:15,103 [WARN] DbFile:41 - Overriding database path with different value: C:\Users\pedro\.stmcufinder\plugins\mcufinder/ => C:\Users\pedro\.stmcufinder\plugins\mcufinder
2024-06-12 21:33:15,103 [WARN] DbFile:41 - Overriding database path with different value: C:\Users\pedro\.stmcufinder\plugins\mcufinder/ => C:\Users\pedro\.stmcufinder\plugins\mcufinder
2024-06-12 21:33:15,103 [INFO] CrossReferenceDbSqlite:203 - Set database path to: C:\Users\pedro\.stmcufinder\plugins\mcufinder//mcu/cs/
2024-06-12 21:33:15,103 [INFO] ApplicationProperties:184 - Using Application install path: D:\ST\STM32CubeIDE_1.15.0\STM32CubeIDE\plugins\com.st.stm32cube.common.mx_6.11.0.202403141607
2024-06-12 21:33:15,119 [INFO] PluginManage:196 - Search for loadable plugins [exclusion list=, ]
2024-06-12 21:33:15,119 [INFO] PluginManage:310 - Check plugin analytics
2024-06-12 21:33:15,259 [INFO] AnalyticsPlugin:253 - Accepted Software Licenses: 
2024-06-12 21:33:15,259 [INFO] AnalyticsPlugin:255 - Accepted CMSIS Pack Licenses: 
2024-06-12 21:33:15,259 [INFO] AnalyticsPlugin:257 - Accepted Firmware Licenses: 
2024-06-12 21:33:15,259 [INFO] PluginManage:359 - Loaded plugin analytics (category:tool,tabindex:-1)
2024-06-12 21:33:15,259 [INFO] PluginManage:310 - Check plugin cadmodel
2024-06-12 21:33:15,259 [INFO] CADModel:105 - Init CAD model plugin
2024-06-12 21:33:15,259 [INFO] PluginManage:359 - Loaded plugin cadmodel (category:power,tabindex:5)
2024-06-12 21:33:15,259 [INFO] PluginManage:310 - Check plugin clock
2024-06-12 21:33:15,275 [INFO] PluginManage:359 - Loaded plugin clock (category:base,tabindex:2)
2024-06-12 21:33:15,275 [INFO] PluginManage:310 - Check plugin ddr
2024-06-12 21:33:15,275 [INFO] PluginManage:359 - Loaded plugin ddr (category:tool,tabindex:6)
2024-06-12 21:33:15,275 [INFO] PluginManage:310 - Check plugin filemanager
2024-06-12 21:33:15,384 [INFO] PluginManage:359 - Loaded plugin filemanager (category:base,tabindex:10)
2024-06-12 21:33:15,384 [INFO] PluginManage:310 - Check plugin ipmanager
2024-06-12 21:33:15,384 [INFO] PluginManage:359 - Loaded plugin ipmanager (category:base,tabindex:5)
2024-06-12 21:33:15,384 [INFO] PluginManage:310 - Check plugin lpbam
2024-06-12 21:33:15,384 [INFO] PluginManage:359 - Loaded plugin lpbam (category:base,tabindex:0)
2024-06-12 21:33:15,384 [INFO] PluginManage:310 - Check plugin memorymap
2024-06-12 21:33:15,416 [INFO] PluginManage:359 - Loaded plugin memorymap (category:base,tabindex:4)
2024-06-12 21:33:15,416 [INFO] PluginManage:310 - Check plugin pinoutandconfiguration
2024-06-12 21:33:15,431 [INFO] PluginManage:359 - Loaded plugin pinoutandconfiguration (category:base,tabindex:1)
2024-06-12 21:33:15,431 [INFO] PluginManage:310 - Check plugin pinoutconfig
2024-06-12 21:33:15,509 [WARN] SupportedApi:132 - Cannot load RTOS API schema: s4s-elt-must-match.1: The content of 'definitions' must match (annotation?, (simpleType | complexType)?, (unique | key | keyref)*)). A problem was found starting at: attribute.
2024-06-12 21:33:15,603 [INFO] PluginManage:359 - Loaded plugin pinoutconfig (category:base,tabindex:0)
2024-06-12 21:33:15,603 [INFO] PluginManage:310 - Check plugin power
2024-06-12 21:33:15,603 [INFO] PluginManage:359 - Loaded plugin power (category:power,tabindex:4)
2024-06-12 21:33:15,603 [INFO] PluginManage:310 - Check plugin projectmanager
2024-06-12 21:33:15,619 [INFO] PluginManage:359 - Loaded plugin projectmanager (category:projectmanager,tabindex:3)
2024-06-12 21:33:15,619 [INFO] PluginManage:310 - Check plugin thirdparty
2024-06-12 21:33:15,697 [INFO] PluginManage:359 - Loaded plugin thirdparty (category:base,tabindex:-1)
2024-06-12 21:33:15,697 [WARN] IntegrityCheckThread:84 - waiting for thirdparty lock release [integrity check]
2024-06-12 21:33:15,697 [INFO] PluginManage:310 - Check plugin tools
2024-06-12 21:33:15,697 [INFO] IntegrityCheckThread:86 - entering critical section [integrity check]
2024-06-12 21:33:15,697 [INFO] ThirdPartyUpdaterWithRetryManager:70 - Updater plugin not ready yet. [1/15]
2024-06-12 21:33:15,697 [INFO] PluginManage:359 - Loaded plugin tools (category:base,tabindex:7)
2024-06-12 21:33:15,697 [INFO] PluginManage:310 - Check plugin tutovideos
2024-06-12 21:33:15,822 [INFO] PluginManage:359 - Loaded plugin tutovideos (category:base,tabindex:-1)
2024-06-12 21:33:15,822 [INFO] PluginManage:310 - Check plugin updater
2024-06-12 21:33:15,822 [INFO] PluginManage:359 - Loaded plugin updater (category:base,tabindex:12)
2024-06-12 21:33:15,822 [INFO] PluginManage:310 - Check plugin userauth
2024-06-12 21:33:15,837 [INFO] UserAuth:114 - Init User Auth plugin
2024-06-12 21:33:15,837 [INFO] PluginManage:359 - Loaded plugin userauth (category:base,tabindex:14)
2024-06-12 21:33:15,837 [INFO] PluginManage:283 - PluginManage : Loaded plugins [17]
2024-06-12 21:33:15,978 [INFO] PinOutPanel:1561 - setPackage(No Configuration,No Configuration)
2024-06-12 21:33:16,025 [INFO] CADModel:165 - CPN selected for project level
2024-06-12 21:33:16,025 [INFO] CADModel:114 - Register for checkConnection events
2024-06-12 21:33:16,041 [INFO] IPUIPlugin:80 - create IPUIPlugin
2024-06-12 21:33:16,041 [INFO] PluginManager:220 - loadIPPluginJar : add adc
2024-06-12 21:33:16,041 [INFO] IPUIPlugin:80 - create IPUIPlugin
2024-06-12 21:33:16,041 [INFO] PluginManager:220 - loadIPPluginJar : add aes
2024-06-12 21:33:16,041 [INFO] IPUIPlugin:80 - create IPUIPlugin
2024-06-12 21:33:16,041 [INFO] PluginManager:220 - loadIPPluginJar : add can
2024-06-12 21:33:16,041 [INFO] IPUIPlugin:80 - create IPUIPlugin
2024-06-12 21:33:16,041 [INFO] PluginManager:220 - loadIPPluginJar : add comp
2024-06-12 21:33:16,041 [INFO] IPUIPlugin:80 - create IPUIPlugin
2024-06-12 21:33:16,041 [INFO] PluginManager:220 - loadIPPluginJar : add cryp
2024-06-12 21:33:16,041 [INFO] IPUIPlugin:80 - create IPUIPlugin
2024-06-12 21:33:16,041 [INFO] PluginManager:220 - loadIPPluginJar : add dfsdm
2024-06-12 21:33:16,056 [INFO] IPUIPlugin:80 - create IPUIPlugin
2024-06-12 21:33:16,056 [INFO] PluginManager:220 - loadIPPluginJar : add dma
2024-06-12 21:33:16,056 [INFO] IPUIPlugin:80 - create IPUIPlugin
2024-06-12 21:33:16,056 [INFO] PluginManager:220 - loadIPPluginJar : add dma3
2024-06-12 21:33:16,056 [INFO] IPUIPlugin:80 - create IPUIPlugin
2024-06-12 21:33:16,056 [INFO] PluginManager:220 - loadIPPluginJar : add extmemmanager
2024-06-12 21:33:16,056 [INFO] IPUIPlugin:80 - create IPUIPlugin
2024-06-12 21:33:16,056 [INFO] PluginManager:220 - loadIPPluginJar : add fatfs
2024-06-12 21:33:16,056 [INFO] IPUIPlugin:80 - create IPUIPlugin
2024-06-12 21:33:16,056 [INFO] PluginManager:220 - loadIPPluginJar : add fmc
2024-06-12 21:33:16,056 [INFO] IPUIPlugin:80 - create IPUIPlugin
2024-06-12 21:33:16,056 [INFO] PluginManager:220 - loadIPPluginJar : add freertos
2024-06-12 21:33:16,056 [INFO] IPUIPlugin:80 - create IPUIPlugin
2024-06-12 21:33:16,056 [INFO] PluginManager:220 - loadIPPluginJar : add genericplugin
2024-06-12 21:33:16,056 [INFO] IPUIPlugin:80 - create IPUIPlugin
2024-06-12 21:33:16,056 [INFO] PluginManager:220 - loadIPPluginJar : add gfxmmu
2024-06-12 21:33:16,072 [INFO] IPUIPlugin:80 - create IPUIPlugin
2024-06-12 21:33:16,072 [INFO] PluginManager:220 - loadIPPluginJar : add gic
2024-06-12 21:33:16,072 [INFO] IPUIPlugin:80 - create IPUIPlugin
2024-06-12 21:33:16,072 [INFO] PluginManager:220 - loadIPPluginJar : add gpio
2024-06-12 21:33:16,072 [INFO] IPUIPlugin:80 - create IPUIPlugin
2024-06-12 21:33:16,072 [INFO] PluginManager:220 - loadIPPluginJar : add gtzc
2024-06-12 21:33:16,072 [INFO] IPUIPlugin:80 - create IPUIPlugin
2024-06-12 21:33:16,072 [INFO] PluginManager:220 - loadIPPluginJar : add hash
2024-06-12 21:33:16,072 [INFO] IPUIPlugin:80 - create IPUIPlugin
2024-06-12 21:33:16,072 [INFO] PluginManager:220 - loadIPPluginJar : add i2c
2024-06-12 21:33:16,072 [INFO] IPUIPlugin:80 - create IPUIPlugin
2024-06-12 21:33:16,072 [INFO] PluginManager:220 - loadIPPluginJar : add i2s
2024-06-12 21:33:16,072 [INFO] IPUIPlugin:80 - create IPUIPlugin
2024-06-12 21:33:16,072 [INFO] PluginManager:220 - loadIPPluginJar : add i3c
2024-06-12 21:33:16,072 [INFO] IPUIPlugin:80 - create IPUIPlugin
2024-06-12 21:33:16,072 [INFO] PluginManager:220 - loadIPPluginJar : add ipddr
2024-06-12 21:33:16,087 [INFO] IPUIPlugin:80 - create IPUIPlugin
2024-06-12 21:33:16,087 [INFO] PluginManager:220 - loadIPPluginJar : add linkedlist
2024-06-12 21:33:16,087 [INFO] IPUIPlugin:80 - create IPUIPlugin
2024-06-12 21:33:16,087 [INFO] PluginManager:220 - loadIPPluginJar : add lorawan
2024-06-12 21:33:16,087 [INFO] IPUIPlugin:80 - create IPUIPlugin
2024-06-12 21:33:16,087 [INFO] PluginManager:220 - loadIPPluginJar : add ltdc
2024-06-12 21:33:16,087 [INFO] IPUIPlugin:80 - create IPUIPlugin
2024-06-12 21:33:16,087 [INFO] PluginManager:220 - loadIPPluginJar : add mdma
2024-06-12 21:33:16,103 [INFO] IPUIPlugin:80 - create IPUIPlugin
2024-06-12 21:33:16,103 [INFO] PluginManager:220 - loadIPPluginJar : add nvic
2024-06-12 21:33:16,103 [INFO] IPUIPlugin:80 - create IPUIPlugin
2024-06-12 21:33:16,103 [INFO] PluginManager:220 - loadIPPluginJar : add opamp
2024-06-12 21:33:16,103 [INFO] IPUIPlugin:80 - create IPUIPlugin
2024-06-12 21:33:16,103 [INFO] PluginManager:220 - loadIPPluginJar : add openamp
2024-06-12 21:33:16,103 [INFO] IPUIPlugin:80 - create IPUIPlugin
2024-06-12 21:33:16,103 [INFO] PluginManager:220 - loadIPPluginJar : add pdm2pcm
2024-06-12 21:33:16,103 [INFO] IPUIPlugin:80 - create IPUIPlugin
2024-06-12 21:33:16,103 [INFO] PluginManager:220 - loadIPPluginJar : add plateformsettings
2024-06-12 21:33:16,103 [INFO] IPUIPlugin:80 - create IPUIPlugin
2024-06-12 21:33:16,103 [INFO] PluginManager:220 - loadIPPluginJar : add quadspi
2024-06-12 21:33:16,119 [INFO] IPUIPlugin:80 - create IPUIPlugin
2024-06-12 21:33:16,119 [INFO] PluginManager:220 - loadIPPluginJar : add resmgrutility
2024-06-12 21:33:16,119 [INFO] IPUIPlugin:80 - create IPUIPlugin
2024-06-12 21:33:16,119 [INFO] PluginManager:220 - loadIPPluginJar : add sai
2024-06-12 21:33:16,119 [INFO] IPUIPlugin:80 - create IPUIPlugin
2024-06-12 21:33:16,119 [INFO] PluginManager:220 - loadIPPluginJar : add spi
2024-06-12 21:33:16,119 [INFO] IPUIPlugin:80 - create IPUIPlugin
2024-06-12 21:33:16,119 [INFO] PluginManager:220 - loadIPPluginJar : add stm32_wpan
2024-06-12 21:33:16,119 [INFO] IPUIPlugin:80 - create IPUIPlugin
2024-06-12 21:33:16,119 [INFO] PluginManager:220 - loadIPPluginJar : add tim
2024-06-12 21:33:16,119 [INFO] IPUIPlugin:80 - create IPUIPlugin
2024-06-12 21:33:16,119 [INFO] PluginManager:220 - loadIPPluginJar : add touchsensing
2024-06-12 21:33:16,134 [INFO] IPUIPlugin:80 - create IPUIPlugin
2024-06-12 21:33:16,134 [INFO] PluginManager:220 - loadIPPluginJar : add tracer_emb
2024-06-12 21:33:16,134 [INFO] IPUIPlugin:80 - create IPUIPlugin
2024-06-12 21:33:16,134 [INFO] PluginManager:220 - loadIPPluginJar : add ts
2024-06-12 21:33:16,134 [INFO] IPUIPlugin:80 - create IPUIPlugin
2024-06-12 21:33:16,134 [INFO] PluginManager:220 - loadIPPluginJar : add tsc
2024-06-12 21:33:16,134 [INFO] IPUIPlugin:80 - create IPUIPlugin
2024-06-12 21:33:16,134 [INFO] PluginManager:220 - loadIPPluginJar : add ucpd
2024-06-12 21:33:16,134 [INFO] IPUIPlugin:80 - create IPUIPlugin
2024-06-12 21:33:16,134 [INFO] PluginManager:220 - loadIPPluginJar : add usart
2024-06-12 21:33:16,134 [INFO] IPUIPlugin:80 - create IPUIPlugin
2024-06-12 21:33:16,134 [INFO] PluginManager:220 - loadIPPluginJar : add usbx
2024-06-12 21:33:16,275 [INFO] CADModel:165 - CPN selected for project level
2024-06-12 21:33:16,275 [INFO] CADModel:114 - Register for checkConnection events
2024-06-12 21:33:16,275 [FATAL] Updater:308 - Updater called before beeing initialized
2024-06-12 21:33:16,275 [ERROR] CADModel:125 - Updater not yet initialized, retry later 
2024-06-12 21:33:16,369 [INFO] CADModel:165 - CPN selected for project level
2024-06-12 21:33:16,369 [INFO] CADModel:114 - Register for checkConnection events
2024-06-12 21:33:16,369 [FATAL] Updater:308 - Updater called before beeing initialized
2024-06-12 21:33:16,369 [ERROR] CADModel:125 - Updater not yet initialized, retry later 
2024-06-12 21:33:16,369 [FATAL] Updater:308 - Updater called before beeing initialized
2024-06-12 21:33:16,431 [FATAL] Updater:308 - Updater called before beeing initialized
2024-06-12 21:33:16,447 [INFO] DbMcusAds:53 - JSON generation date=Thu May 16 06:22:00 BRT 2024 (1715851320667)
2024-06-12 21:33:16,447 [FATAL] Updater:308 - Updater called before beeing initialized
2024-06-12 21:33:16,478 [WARN] DetailPanel:346 - Failed to get advertising image, set to default
2024-06-12 21:33:16,556 [FATAL] Updater:308 - Updater called before beeing initialized
2024-06-12 21:33:16,556 [FATAL] Updater:308 - Updater called before beeing initialized
2024-06-12 21:33:16,556 [FATAL] Updater:308 - Updater called before beeing initialized
2024-06-12 21:33:16,556 [WARN] DetailPanel:346 - Failed to get advertising image, set to default
2024-06-12 21:33:16,556 [FATAL] Updater:308 - Updater called before beeing initialized
2024-06-12 21:33:16,587 [ERROR] Updater:1120 - MainUpdater not yet initialized. External WinMGr cannot be set.
2024-06-12 21:33:16,587 [INFO] Updater:1056 - Updater Version found : 6.11.0
2024-06-12 21:33:16,603 [INFO] ApplicationProperties:184 - Using Application install path: D:\ST\STM32CubeIDE_1.15.0\STM32CubeIDE\plugins\com.st.stm32cube.common.mx_6.11.0.202403141607
2024-06-12 21:33:18,189 [ERROR] LogOutputStream:75 - [STDERR_REDIRECT] Jun 12, 2024 9:33:18 PM java.util.prefs.WindowsPreferences <init>
2024-06-12 21:33:18,190 [ERROR] LogOutputStream:75 - [STDERR_REDIRECT] WARNING: Could not open/create prefs root node Software\JavaSoft\Prefs at root 0xffffffff80000002. Windows RegCreateKeyEx(...) returned error code 5.
2024-06-12 21:33:18,190 [ERROR] LogOutputStream:75 - [STDERR_REDIRECT] 
2024-06-12 21:33:18,389 [INFO] MainUpdater:2873 - connection check result : 10
2024-06-12 21:33:18,390 [INFO] MainUpdater:290 - Updater Check For Update Now.
2024-06-12 21:33:18,390 [INFO] MicroXplorer:498 - Change Database Version : DB.6.0.110
2024-06-12 21:33:18,395 [INFO] McuFinderGlobals:63 - Set McuFinder mode to 2 (CubeIDE integrated)
2024-06-12 21:33:18,395 [INFO] McuFinderGlobals:63 - Set McuFinder mode to 2 (CubeIDE integrated)
2024-06-12 21:33:18,400 [INFO] UserAuth:415 - Internet connection configuration mode: 1
2024-06-12 21:33:18,403 [INFO] UserAuth:415 - Internet connection configuration mode: 1
2024-06-12 21:33:18,411 [INFO] JxBrowserEngine:152 - Initiate JxBrowser Engine with user profile folder
2024-06-12 21:33:18,561 [INFO] CheckServerUpdateThread:120 - End of CheckServer Thread
2024-06-12 21:33:18,884 [WARN] PackLoader:240 - Cannot read IP mode file for STMicroelectronics.FP-SNS-MOTENVWB1.1.4.0
2024-06-12 21:33:18,900 [WARN] PackLoader:240 - Cannot read IP mode file for STMicroelectronics.X-CUBE-SMBUS.2.1.0
2024-06-12 21:33:18,900 [WARN] PackLoader:240 - Cannot read IP mode file for STMicroelectronics.X-CUBE-TOUCHGFX.4.23.2
2024-06-12 21:33:18,931 [WARN] PackLoader:240 - Cannot read IP mode file for STMicroelectronics.X-CUBE-AZRTOS-F7.1.1.0
2024-06-12 21:33:18,947 [WARN] PackLoader:240 - Cannot read IP mode file for STMicroelectronics.FP-SNS-FLIGHT1.5.0.2
2024-06-12 21:33:18,947 [WARN] PackLoader:240 - Cannot read IP mode file for STMicroelectronics.X-CUBE-DISPLAY.3.0.0
2024-06-12 21:33:18,962 [WARN] PackLoader:240 - Cannot read IP mode file for STMicroelectronics.X-CUBE-BLE1.7.0.0
2024-06-12 21:33:18,962 [WARN] PackLoader:240 - Cannot read IP mode file for emotas.I-CUBE-CANOPEN.1.3.0
2024-06-12 21:33:18,978 [WARN] PackLoader:240 - Cannot read IP mode file for STMicroelectronics.X-CUBE-BLEMGR.3.1.0
2024-06-12 21:33:18,978 [WARN] PackLoader:240 - Cannot read IP mode file for STMicroelectronics.FP-SNS-SMARTAG2.1.2.0
2024-06-12 21:33:18,993 [INFO] LogOutputStream:77 - [STDOUT_REDIRECT] 1 : Invalid condition id : UX_CORESTACK_Condition cause : null
2024-06-12 21:33:18,993 [INFO] LogOutputStream:77 - [STDOUT_REDIRECT] 1 : Invalid condition id : UX_CORESTACK_Condition cause : null
2024-06-12 21:33:18,993 [INFO] LogOutputStream:77 - [STDOUT_REDIRECT] 1 : Invalid condition id : UX_CORESTACK_Condition cause : null
2024-06-12 21:33:18,993 [INFO] LogOutputStream:77 - [STDOUT_REDIRECT] 1 : Invalid condition id : UX_CORESTACK_Condition cause : null
2024-06-12 21:33:18,993 [INFO] LogOutputStream:77 - [STDOUT_REDIRECT] 1 : Invalid condition id : UX_CORESTACK_Condition cause : null
2024-06-12 21:33:19,009 [WARN] PackLoader:240 - Cannot read IP mode file for STMicroelectronics.X-CUBE-AZRTOS-WL.2.0.0
2024-06-12 21:33:19,009 [WARN] PackLoader:240 - Cannot read IP mode file for STMicroelectronics.FP-SNS-MOTENV1.5.0.0
2024-06-12 21:33:19,009 [INFO] WebApp:161 - Instantiating new browser for Auth
2024-06-12 21:33:19,009 [WARN] PackLoader:240 - Cannot read IP mode file for wolfSSL.I-CUBE-wolfMQTT.1.19.0
2024-06-12 21:33:19,025 [WARN] PackLoader:240 - Cannot read IP mode file for WES.I-CUBE-Cesium.1.3.0
2024-06-12 21:33:19,025 [WARN] PackLoader:240 - Cannot read IP mode file for STMicroelectronics.X-CUBE-BLE2.3.3.0
2024-06-12 21:33:19,040 [WARN] PackLoader:240 - Cannot read IP mode file for STMicroelectronics.X-CUBE-TCPP.4.1.0
2024-06-12 21:33:19,040 [WARN] PackLoader:240 - Cannot read IP mode file for STMicroelectronics.X-CUBE-ALGOBUILD.1.3.0
2024-06-12 21:33:19,072 [WARN] PackLoader:240 - Cannot read IP mode file for STMicroelectronics.X-CUBE-AZRTOS-G0.1.1.0
2024-06-12 21:33:19,072 [WARN] PackLoader:240 - Cannot read IP mode file for STMicroelectronics.X-CUBE-SAFEA1.1.2.2
2024-06-12 21:33:19,072 [WARN] PackLoader:240 - Cannot read IP mode file for STMicroelectronics.X-CUBE-NFC4.3.0.0
2024-06-12 21:33:19,087 [WARN] PackLoader:240 - Cannot read IP mode file for wolfSSL.I-CUBE-wolfSSL.5.7.0
2024-06-12 21:33:19,087 [WARN] PackLoader:240 - Cannot read IP mode file for STMicroelectronics.FP-ATR-SIGFOX1.3.2.0
2024-06-12 21:33:19,087 [WARN] PackLoader:240 - Cannot read IP mode file for STMicroelectronics.X-CUBE-EEPRMA1.5.1.0
2024-06-12 21:33:19,103 [WARN] PackLoader:240 - Cannot read IP mode file for ITTIA_DB.I-CUBE-ITTIADB.8.9.0
2024-06-12 21:33:19,132 [WARN] PackLoader:240 - Cannot read IP mode file for SEGGER.I-CUBE-embOS.1.3.1
2024-06-12 21:33:19,164 [WARN] PackLoader:240 - Cannot read IP mode file for STMicroelectronics.X-CUBE-ALGOBUILD.1.4.0
2024-06-12 21:33:19,164 [WARN] PackLoader:240 - Cannot read IP mode file for STMicroelectronics.X-CUBE-GNSS1.6.0.0
2024-06-12 21:33:19,180 [WARN] PackLoader:240 - Cannot read IP mode file for STMicroelectronics.X-CUBE-AZRTOS-F4.1.1.0
2024-06-12 21:33:19,180 [WARN] PackLoader:240 - Cannot read IP mode file for STMicroelectronics.X-CUBE-FREERTOS.1.2.0
2024-06-12 21:33:19,195 [WARN] PackLoader:240 - Cannot read IP mode file for STMicroelectronics.X-CUBE-AZRTOS-L5.2.0.0
2024-06-12 21:33:19,195 [WARN] PackLoader:240 - Cannot read IP mode file for STMicroelectronics.X-CUBE-NFC6.3.1.0
2024-06-12 21:33:19,211 [WARN] PackLoader:240 - Cannot read IP mode file for STMicroelectronics.X-CUBE-AI.9.0.0
2024-06-12 21:33:19,211 [WARN] PackLoader:240 - Cannot read IP mode file for STMicroelectronics.X-CUBE-NFC7.1.0.1
2024-06-12 21:33:19,226 [WARN] ConditionMgr:438 - getConditionDescription Invalid condition id : LAN8742 Phy interface Condition cause : null
2024-06-12 21:33:19,226 [WARN] PackLoader:240 - Cannot read IP mode file for STMicroelectronics.X-CUBE-AZRTOS-L4.2.0.0
2024-06-12 21:33:19,226 [WARN] ConditionMgr:1039 - genDependencies : Invalid condition id : LAN8742 Phy interface Condition cause : null
2024-06-12 21:33:19,226 [WARN] ConditionMgr:1039 - genDependencies : Invalid condition id : LAN8742 Phy interface Condition cause : null
2024-06-12 21:33:19,226 [WARN] ConditionMgr:1039 - genDependencies : Invalid condition id : LAN8742 Phy interface Condition cause : null
2024-06-12 21:33:19,226 [WARN] PackLoader:240 - Cannot read IP mode file for STMicroelectronics.X-CUBE-SFXS2LP1.4.0.0
2024-06-12 21:33:19,242 [WARN] ConditionMgr:438 - getConditionDescription Invalid condition id : UX DEVICE CLASS RTOS Condition cause : null
2024-06-12 21:33:19,242 [WARN] ConditionMgr:438 - getConditionDescription Invalid condition id : UX DEVICE CLASS RTOS Condition cause : null
2024-06-12 21:33:19,242 [WARN] PackLoader:240 - Cannot read IP mode file for STMicroelectronics.X-CUBE-AZRTOS-WB.2.0.0
2024-06-12 21:33:19,242 [WARN] ConditionMgr:1039 - genDependencies : Invalid condition id : UX DEVICE CLASS RTOS Condition cause : null
2024-06-12 21:33:19,242 [WARN] ConditionMgr:1039 - genDependencies : Invalid condition id : UX DEVICE CLASS RTOS Condition cause : null
2024-06-12 21:33:19,242 [WARN] ConditionMgr:1039 - genDependencies : Invalid condition id : UX DEVICE CLASS RTOS Condition cause : null
2024-06-12 21:33:19,242 [WARN] ConditionMgr:1039 - genDependencies : Invalid condition id : UX DEVICE CLASS RTOS Condition cause : null
2024-06-12 21:33:19,242 [WARN] ConditionMgr:1039 - genDependencies : Invalid condition id : UX DEVICE CLASS RTOS Condition cause : null
2024-06-12 21:33:19,242 [WARN] PackLoader:240 - Cannot read IP mode file for STMicroelectronics.X-CUBE-SUBG2.5.0.0
2024-06-12 21:33:19,258 [WARN] PackLoader:240 - Cannot read IP mode file for STMicroelectronics.X-CUBE-AZRTOS-G4.2.0.0
2024-06-12 21:33:19,273 [WARN] PackLoader:240 - Cannot read IP mode file for STMicroelectronics.X-CUBE-ISPU.2.0.0
2024-06-12 21:33:19,273 [WARN] PackLoader:240 - Cannot read IP mode file for STMicroelectronics.X-CUBE-ALS.1.0.2
2024-06-12 21:33:19,305 [WARN] PackLoader:240 - Cannot read IP mode file for STMicroelectronics.X-CUBE-MEMS1.10.0.0
2024-06-12 21:33:19,399 [WARN] PackLoader:240 - Cannot read IP mode file for STMicroelectronics.X-CUBE-FREERTOS.1.1.0
2024-06-12 21:33:19,399 [WARN] PackLoader:240 - Cannot read IP mode file for portGmbH.I-Cube-SoM-uGOAL.1.1.0
2024-06-12 21:33:19,399 [WARN] PackLoader:240 - Cannot read IP mode file for STMicroelectronics.X-CUBE-ALS.1.0.1
2024-06-12 21:33:19,418 [WARN] PackLoader:240 - Cannot read IP mode file for STMicroelectronics.X-CUBE-AZRTOS-H7RS.1.0.0
2024-06-12 21:33:19,423 [WARN] PackLoader:240 - Cannot read IP mode file for STMicroelectronics.FP-ATR-ASTRA1.2.0.0
2024-06-12 21:33:19,431 [WARN] PackLoader:240 - Cannot read IP mode file for STMicroelectronics.X-CUBE-TOF1.3.4.1
2024-06-12 21:33:19,461 [WARN] PackLoader:240 - Cannot read IP mode file for STMicroelectronics.X-CUBE-AZRTOS-H7.3.2.0
2024-06-12 21:33:19,465 [WARN] PackLoader:240 - Cannot read IP mode file for Infineon.AIROC-Wi-Fi-Bluetooth-STM32.1.6.0
2024-06-12 21:33:19,465 [INFO] ThirdParty:978 - Integrity check success = true
2024-06-12 21:33:19,465 [INFO] IntegrityCheckThread:100 - exiting critical section [integrity check]
2024-06-12 21:33:19,465 [INFO] IntegrityCheckThread:103 - End integrity checks thread
2024-06-12 21:33:19,584 [INFO] WebApp:779 - Register for checkConnection events
2024-06-12 21:33:19,584 [INFO] WebApp:414 - Apply proxy settings
2024-06-12 21:33:19,585 [INFO] WebApp:499 - Chromium requires no authentication
2024-06-12 21:33:19,593 [INFO] WebApp:442 - Direct internet connection detected
2024-06-12 21:33:19,750 [INFO] WebApp:192 - Starting web application
2024-06-12 21:33:19,750 [INFO] WebApp:544 - Web application path used D:\ST\STM32CubeIDE_1.15.0\STM32CubeIDE\plugins\com.st.stm32cube.common.mx_6.11.0.202403141607\db\plugins\mcufinder\reactClient1\index.html
2024-06-12 21:38:50,554 [ERROR] LogOutputStream:75 - [STDERR_REDIRECT] 
2024-06-12 21:38:50,555 [ERROR] LogOutputStream:75 - [STDERR_REDIRECT] 
2024-06-12 21:38:57,425 [INFO] Activator:176 - 


2024-06-12 21:38:57,427 [INFO] Activator:177 - !SESSION log4j initialized
2024-06-12 21:39:00,577 [INFO] LogOutputStream:77 - [STDOUT_REDIRECT] 
2024-06-12 21:39:02,400 [INFO] ApplicationProperties:184 - Using Application install path: D:\ST\STM32CubeIDE_1.15.0\STM32CubeIDE\plugins\com.st.stm32cube.common.mx_6.11.0.202403141607
2024-06-12 21:39:02,414 [INFO] DbMcusXml:78 - Set database path to: D:\ST\STM32CubeIDE_1.15.0\STM32CubeIDE\plugins\com.st.stm32cube.common.mx_6.11.0.202403141607\\db\/mcu/
2024-06-12 21:39:02,414 [INFO] ApiDb:274 - Set plugin database path to: D:\ST\STM32CubeIDE_1.15.0\STM32CubeIDE\plugins\com.st.stm32cube.common.mx_6.11.0.202403141607\\db\/plugins/boardmanager/
2024-06-12 21:39:02,414 [WARN] ApiDb:259 - Overriding images path with different value:  => D:\ST\STM32CubeIDE_1.15.0\STM32CubeIDE\plugins\com.st.stm32cube.common.mx_6.11.0.202403141607\\db\/plugins/mcufinder/images/
2024-06-12 21:39:02,418 [INFO] ApiDb:250 - Set database path to: C:\Users\pedro\.stmcufinder\plugins\mcufinder//mcu/
2024-06-12 21:39:02,418 [INFO] DbMcusAds:125 - Set database path to: C:\Users\pedro\.stmcufinder\plugins\mcufinder//mcu/
2024-06-12 21:39:02,420 [INFO] CrossReferenceDbSqlite:203 - Set database path to: C:\Users\pedro\.stmcufinder\plugins\mcufinder//mcu/cs/
2024-06-12 21:39:02,502 [INFO] RulesReader:64 - Compatibility file has been processed (297 Rules)
2024-06-12 21:39:02,556 [INFO] DbMcusXml:78 - Set database path to: D:\ST\STM32CubeIDE_1.15.0\STM32CubeIDE\plugins\com.st.stm32cube.common.mx_6.11.0.202403141607\\db\/mcu/
2024-06-12 21:39:02,557 [INFO] ApiDb:274 - Set plugin database path to: D:\ST\STM32CubeIDE_1.15.0\STM32CubeIDE\plugins\com.st.stm32cube.common.mx_6.11.0.202403141607\\db\/plugins/boardmanager/
2024-06-12 21:39:02,557 [INFO] ApiDb:261 - Set plugin images path to: D:\ST\STM32CubeIDE_1.15.0\STM32CubeIDE\plugins\com.st.stm32cube.common.mx_6.11.0.202403141607\\db\/plugins/mcufinder/images/
2024-06-12 21:39:02,557 [WARN] DbFile:41 - Overriding database path with different value: C:\Users\pedro\.stmcufinder\plugins\mcufinder/ => C:\Users\pedro\.stmcufinder\plugins\mcufinder
2024-06-12 21:39:02,557 [INFO] ApiDb:250 - Set database path to: C:\Users\pedro\.stmcufinder\plugins\mcufinder//mcu/
2024-06-12 21:39:02,557 [WARN] DbFile:41 - Overriding database path with different value: C:\Users\pedro\.stmcufinder\plugins\mcufinder/ => C:\Users\pedro\.stmcufinder\plugins\mcufinder
2024-06-12 21:39:02,557 [INFO] DbMcusAds:125 - Set database path to: C:\Users\pedro\.stmcufinder\plugins\mcufinder//mcu/
2024-06-12 21:39:02,557 [WARN] DbFile:41 - Overriding database path with different value: C:\Users\pedro\.stmcufinder\plugins\mcufinder/ => C:\Users\pedro\.stmcufinder\plugins\mcufinder
2024-06-12 21:39:02,557 [WARN] DbFile:41 - Overriding database path with different value: C:\Users\pedro\.stmcufinder\plugins\mcufinder/ => C:\Users\pedro\.stmcufinder\plugins\mcufinder
2024-06-12 21:39:02,557 [INFO] CrossReferenceDbSqlite:203 - Set database path to: C:\Users\pedro\.stmcufinder\plugins\mcufinder//mcu/cs/
2024-06-12 21:39:02,617 [INFO] MainPanel:264 - HeapMemory: 268435456
2024-06-12 21:39:02,683 [INFO] DbMcusXml:78 - Set database path to: D:\ST\STM32CubeIDE_1.15.0\STM32CubeIDE\plugins\com.st.stm32cube.common.mx_6.11.0.202403141607\\db\/mcu/
2024-06-12 21:39:02,684 [INFO] ApiDb:274 - Set plugin database path to: D:\ST\STM32CubeIDE_1.15.0\STM32CubeIDE\plugins\com.st.stm32cube.common.mx_6.11.0.202403141607\\db\/plugins/boardmanager/
2024-06-12 21:39:02,684 [INFO] ApiDb:261 - Set plugin images path to: D:\ST\STM32CubeIDE_1.15.0\STM32CubeIDE\plugins\com.st.stm32cube.common.mx_6.11.0.202403141607\\db\/plugins/mcufinder/images/
2024-06-12 21:39:02,684 [WARN] DbFile:41 - Overriding database path with different value: C:\Users\pedro\.stmcufinder\plugins\mcufinder/ => C:\Users\pedro\.stmcufinder\plugins\mcufinder
2024-06-12 21:39:02,684 [INFO] ApiDb:250 - Set database path to: C:\Users\pedro\.stmcufinder\plugins\mcufinder//mcu/
2024-06-12 21:39:02,684 [WARN] DbFile:41 - Overriding database path with different value: C:\Users\pedro\.stmcufinder\plugins\mcufinder/ => C:\Users\pedro\.stmcufinder\plugins\mcufinder
2024-06-12 21:39:02,684 [INFO] DbMcusAds:125 - Set database path to: C:\Users\pedro\.stmcufinder\plugins\mcufinder//mcu/
2024-06-12 21:39:02,684 [WARN] DbFile:41 - Overriding database path with different value: C:\Users\pedro\.stmcufinder\plugins\mcufinder/ => C:\Users\pedro\.stmcufinder\plugins\mcufinder
2024-06-12 21:39:02,684 [WARN] DbFile:41 - Overriding database path with different value: C:\Users\pedro\.stmcufinder\plugins\mcufinder/ => C:\Users\pedro\.stmcufinder\plugins\mcufinder
2024-06-12 21:39:02,684 [INFO] CrossReferenceDbSqlite:203 - Set database path to: C:\Users\pedro\.stmcufinder\plugins\mcufinder//mcu/cs/
2024-06-12 21:39:02,697 [INFO] ApplicationProperties:184 - Using Application install path: D:\ST\STM32CubeIDE_1.15.0\STM32CubeIDE\plugins\com.st.stm32cube.common.mx_6.11.0.202403141607
2024-06-12 21:39:02,698 [INFO] PluginManage:196 - Search for loadable plugins [exclusion list=, ]
2024-06-12 21:39:02,699 [INFO] PluginManage:310 - Check plugin analytics
2024-06-12 21:39:02,855 [INFO] AnalyticsPlugin:253 - Accepted Software Licenses: 
2024-06-12 21:39:02,856 [INFO] AnalyticsPlugin:255 - Accepted CMSIS Pack Licenses: 
2024-06-12 21:39:02,856 [INFO] AnalyticsPlugin:257 - Accepted Firmware Licenses: 
2024-06-12 21:39:02,858 [INFO] PluginManage:359 - Loaded plugin analytics (category:tool,tabindex:-1)
2024-06-12 21:39:02,858 [INFO] PluginManage:310 - Check plugin cadmodel
2024-06-12 21:39:02,863 [INFO] CADModel:105 - Init CAD model plugin
2024-06-12 21:39:02,864 [INFO] PluginManage:359 - Loaded plugin cadmodel (category:power,tabindex:5)
2024-06-12 21:39:02,864 [INFO] PluginManage:310 - Check plugin clock
2024-06-12 21:39:02,871 [INFO] PluginManage:359 - Loaded plugin clock (category:base,tabindex:2)
2024-06-12 21:39:02,871 [INFO] PluginManage:310 - Check plugin ddr
2024-06-12 21:39:02,872 [INFO] PluginManage:359 - Loaded plugin ddr (category:tool,tabindex:6)
2024-06-12 21:39:02,873 [INFO] PluginManage:310 - Check plugin filemanager
2024-06-12 21:39:02,991 [INFO] PluginManage:359 - Loaded plugin filemanager (category:base,tabindex:10)
2024-06-12 21:39:02,991 [INFO] PluginManage:310 - Check plugin ipmanager
2024-06-12 21:39:02,997 [INFO] PluginManage:359 - Loaded plugin ipmanager (category:base,tabindex:5)
2024-06-12 21:39:02,997 [INFO] PluginManage:310 - Check plugin lpbam
2024-06-12 21:39:03,003 [INFO] PluginManage:359 - Loaded plugin lpbam (category:base,tabindex:0)
2024-06-12 21:39:03,004 [INFO] PluginManage:310 - Check plugin memorymap
2024-06-12 21:39:03,013 [INFO] PluginManage:359 - Loaded plugin memorymap (category:base,tabindex:4)
2024-06-12 21:39:03,013 [INFO] PluginManage:310 - Check plugin pinoutandconfiguration
2024-06-12 21:39:03,019 [INFO] PluginManage:359 - Loaded plugin pinoutandconfiguration (category:base,tabindex:1)
2024-06-12 21:39:03,019 [INFO] PluginManage:310 - Check plugin pinoutconfig
2024-06-12 21:39:03,102 [WARN] SupportedApi:132 - Cannot load RTOS API schema: s4s-elt-must-match.1: The content of 'definitions' must match (annotation?, (simpleType | complexType)?, (unique | key | keyref)*)). A problem was found starting at: attribute.
2024-06-12 21:39:03,231 [INFO] PluginManage:359 - Loaded plugin pinoutconfig (category:base,tabindex:0)
2024-06-12 21:39:03,231 [INFO] PluginManage:310 - Check plugin power
2024-06-12 21:39:03,241 [INFO] PluginManage:359 - Loaded plugin power (category:power,tabindex:4)
2024-06-12 21:39:03,241 [INFO] PluginManage:310 - Check plugin projectmanager
2024-06-12 21:39:03,254 [INFO] PluginManage:359 - Loaded plugin projectmanager (category:projectmanager,tabindex:3)
2024-06-12 21:39:03,255 [INFO] PluginManage:310 - Check plugin thirdparty
2024-06-12 21:39:03,354 [WARN] IntegrityCheckThread:84 - waiting for thirdparty lock release [integrity check]
2024-06-12 21:39:03,355 [INFO] PluginManage:359 - Loaded plugin thirdparty (category:base,tabindex:-1)
2024-06-12 21:39:03,355 [INFO] IntegrityCheckThread:86 - entering critical section [integrity check]
2024-06-12 21:39:03,355 [INFO] PluginManage:310 - Check plugin tools
2024-06-12 21:39:03,355 [INFO] ThirdPartyUpdaterWithRetryManager:70 - Updater plugin not ready yet. [1/15]
2024-06-12 21:39:03,357 [INFO] PluginManage:359 - Loaded plugin tools (category:base,tabindex:7)
2024-06-12 21:39:03,357 [INFO] PluginManage:310 - Check plugin tutovideos
2024-06-12 21:39:03,503 [INFO] PluginManage:359 - Loaded plugin tutovideos (category:base,tabindex:-1)
2024-06-12 21:39:03,503 [INFO] PluginManage:310 - Check plugin updater
2024-06-12 21:39:03,511 [INFO] PluginManage:359 - Loaded plugin updater (category:base,tabindex:12)
2024-06-12 21:39:03,511 [INFO] PluginManage:310 - Check plugin userauth
2024-06-12 21:39:03,515 [INFO] UserAuth:114 - Init User Auth plugin
2024-06-12 21:39:03,515 [INFO] PluginManage:359 - Loaded plugin userauth (category:base,tabindex:14)
2024-06-12 21:39:03,516 [INFO] PluginManage:283 - PluginManage : Loaded plugins [17]
2024-06-12 21:39:03,668 [INFO] PinOutPanel:1561 - setPackage(No Configuration,No Configuration)
2024-06-12 21:39:03,717 [INFO] CADModel:165 - CPN selected for project level
2024-06-12 21:39:03,718 [INFO] CADModel:114 - Register for checkConnection events
2024-06-12 21:39:03,727 [INFO] IPUIPlugin:80 - create IPUIPlugin
2024-06-12 21:39:03,728 [INFO] PluginManager:220 - loadIPPluginJar : add adc
2024-06-12 21:39:03,729 [INFO] IPUIPlugin:80 - create IPUIPlugin
2024-06-12 21:39:03,729 [INFO] PluginManager:220 - loadIPPluginJar : add aes
2024-06-12 21:39:03,730 [INFO] IPUIPlugin:80 - create IPUIPlugin
2024-06-12 21:39:03,730 [INFO] PluginManager:220 - loadIPPluginJar : add can
2024-06-12 21:39:03,731 [INFO] IPUIPlugin:80 - create IPUIPlugin
2024-06-12 21:39:03,731 [INFO] PluginManager:220 - loadIPPluginJar : add comp
2024-06-12 21:39:03,732 [INFO] IPUIPlugin:80 - create IPUIPlugin
2024-06-12 21:39:03,732 [INFO] PluginManager:220 - loadIPPluginJar : add cryp
2024-06-12 21:39:03,733 [INFO] IPUIPlugin:80 - create IPUIPlugin
2024-06-12 21:39:03,733 [INFO] PluginManager:220 - loadIPPluginJar : add dfsdm
2024-06-12 21:39:03,737 [INFO] IPUIPlugin:80 - create IPUIPlugin
2024-06-12 21:39:03,737 [INFO] PluginManager:220 - loadIPPluginJar : add dma
2024-06-12 21:39:03,738 [INFO] IPUIPlugin:80 - create IPUIPlugin
2024-06-12 21:39:03,738 [INFO] PluginManager:220 - loadIPPluginJar : add dma3
2024-06-12 21:39:03,740 [INFO] IPUIPlugin:80 - create IPUIPlugin
2024-06-12 21:39:03,740 [INFO] PluginManager:220 - loadIPPluginJar : add extmemmanager
2024-06-12 21:39:03,740 [INFO] IPUIPlugin:80 - create IPUIPlugin
2024-06-12 21:39:03,740 [INFO] PluginManager:220 - loadIPPluginJar : add fatfs
2024-06-12 21:39:03,743 [INFO] IPUIPlugin:80 - create IPUIPlugin
2024-06-12 21:39:03,743 [INFO] PluginManager:220 - loadIPPluginJar : add fmc
2024-06-12 21:39:03,746 [INFO] IPUIPlugin:80 - create IPUIPlugin
2024-06-12 21:39:03,746 [INFO] PluginManager:220 - loadIPPluginJar : add freertos
2024-06-12 21:39:03,747 [INFO] IPUIPlugin:80 - create IPUIPlugin
2024-06-12 21:39:03,747 [INFO] PluginManager:220 - loadIPPluginJar : add genericplugin
2024-06-12 21:39:03,748 [INFO] IPUIPlugin:80 - create IPUIPlugin
2024-06-12 21:39:03,748 [INFO] PluginManager:220 - loadIPPluginJar : add gfxmmu
2024-06-12 21:39:03,751 [INFO] IPUIPlugin:80 - create IPUIPlugin
2024-06-12 21:39:03,751 [INFO] PluginManager:220 - loadIPPluginJar : add gic
2024-06-12 21:39:03,753 [INFO] IPUIPlugin:80 - create IPUIPlugin
2024-06-12 21:39:03,753 [INFO] PluginManager:220 - loadIPPluginJar : add gpio
2024-06-12 21:39:03,755 [INFO] IPUIPlugin:80 - create IPUIPlugin
2024-06-12 21:39:03,755 [INFO] PluginManager:220 - loadIPPluginJar : add gtzc
2024-06-12 21:39:03,756 [INFO] IPUIPlugin:80 - create IPUIPlugin
2024-06-12 21:39:03,756 [INFO] PluginManager:220 - loadIPPluginJar : add hash
2024-06-12 21:39:03,758 [INFO] IPUIPlugin:80 - create IPUIPlugin
2024-06-12 21:39:03,758 [INFO] PluginManager:220 - loadIPPluginJar : add i2c
2024-06-12 21:39:03,760 [INFO] IPUIPlugin:80 - create IPUIPlugin
2024-06-12 21:39:03,760 [INFO] PluginManager:220 - loadIPPluginJar : add i2s
2024-06-12 21:39:03,762 [INFO] IPUIPlugin:80 - create IPUIPlugin
2024-06-12 21:39:03,762 [INFO] PluginManager:220 - loadIPPluginJar : add i3c
2024-06-12 21:39:03,764 [INFO] IPUIPlugin:80 - create IPUIPlugin
2024-06-12 21:39:03,764 [INFO] PluginManager:220 - loadIPPluginJar : add ipddr
2024-06-12 21:39:03,769 [INFO] IPUIPlugin:80 - create IPUIPlugin
2024-06-12 21:39:03,769 [INFO] PluginManager:220 - loadIPPluginJar : add linkedlist
2024-06-12 21:39:03,770 [INFO] IPUIPlugin:80 - create IPUIPlugin
2024-06-12 21:39:03,771 [INFO] PluginManager:220 - loadIPPluginJar : add lorawan
2024-06-12 21:39:03,771 [INFO] IPUIPlugin:80 - create IPUIPlugin
2024-06-12 21:39:03,771 [INFO] PluginManager:220 - loadIPPluginJar : add ltdc
2024-06-12 21:39:03,776 [INFO] IPUIPlugin:80 - create IPUIPlugin
2024-06-12 21:39:03,777 [INFO] PluginManager:220 - loadIPPluginJar : add mdma
2024-06-12 21:39:03,779 [INFO] IPUIPlugin:80 - create IPUIPlugin
2024-06-12 21:39:03,779 [INFO] PluginManager:220 - loadIPPluginJar : add nvic
2024-06-12 21:39:03,781 [INFO] IPUIPlugin:80 - create IPUIPlugin
2024-06-12 21:39:03,781 [INFO] PluginManager:220 - loadIPPluginJar : add opamp
2024-06-12 21:39:03,783 [INFO] IPUIPlugin:80 - create IPUIPlugin
2024-06-12 21:39:03,783 [INFO] PluginManager:220 - loadIPPluginJar : add openamp
2024-06-12 21:39:03,785 [INFO] IPUIPlugin:80 - create IPUIPlugin
2024-06-12 21:39:03,785 [INFO] PluginManager:220 - loadIPPluginJar : add pdm2pcm
2024-06-12 21:39:03,789 [INFO] IPUIPlugin:80 - create IPUIPlugin
2024-06-12 21:39:03,791 [INFO] PluginManager:220 - loadIPPluginJar : add plateformsettings
2024-06-12 21:39:03,792 [INFO] IPUIPlugin:80 - create IPUIPlugin
2024-06-12 21:39:03,792 [INFO] PluginManager:220 - loadIPPluginJar : add quadspi
2024-06-12 21:39:03,794 [INFO] IPUIPlugin:80 - create IPUIPlugin
2024-06-12 21:39:03,794 [INFO] PluginManager:220 - loadIPPluginJar : add resmgrutility
2024-06-12 21:39:03,796 [INFO] IPUIPlugin:80 - create IPUIPlugin
2024-06-12 21:39:03,796 [INFO] PluginManager:220 - loadIPPluginJar : add sai
2024-06-12 21:39:03,797 [INFO] IPUIPlugin:80 - create IPUIPlugin
2024-06-12 21:39:03,797 [INFO] PluginManager:220 - loadIPPluginJar : add spi
2024-06-12 21:39:03,800 [INFO] IPUIPlugin:80 - create IPUIPlugin
2024-06-12 21:39:03,800 [INFO] PluginManager:220 - loadIPPluginJar : add stm32_wpan
2024-06-12 21:39:03,801 [INFO] IPUIPlugin:80 - create IPUIPlugin
2024-06-12 21:39:03,801 [INFO] PluginManager:220 - loadIPPluginJar : add tim
2024-06-12 21:39:03,803 [INFO] IPUIPlugin:80 - create IPUIPlugin
2024-06-12 21:39:03,803 [INFO] PluginManager:220 - loadIPPluginJar : add touchsensing
2024-06-12 21:39:03,804 [INFO] IPUIPlugin:80 - create IPUIPlugin
2024-06-12 21:39:03,804 [INFO] PluginManager:220 - loadIPPluginJar : add tracer_emb
2024-06-12 21:39:03,804 [INFO] IPUIPlugin:80 - create IPUIPlugin
2024-06-12 21:39:03,805 [INFO] PluginManager:220 - loadIPPluginJar : add ts
2024-06-12 21:39:03,805 [INFO] IPUIPlugin:80 - create IPUIPlugin
2024-06-12 21:39:03,805 [INFO] PluginManager:220 - loadIPPluginJar : add tsc
2024-06-12 21:39:03,807 [INFO] IPUIPlugin:80 - create IPUIPlugin
2024-06-12 21:39:03,807 [INFO] PluginManager:220 - loadIPPluginJar : add ucpd
2024-06-12 21:39:03,808 [INFO] IPUIPlugin:80 - create IPUIPlugin
2024-06-12 21:39:03,808 [INFO] PluginManager:220 - loadIPPluginJar : add usart
2024-06-12 21:39:03,810 [INFO] IPUIPlugin:80 - create IPUIPlugin
2024-06-12 21:39:03,810 [INFO] PluginManager:220 - loadIPPluginJar : add usbx
2024-06-12 21:39:03,926 [INFO] CADModel:165 - CPN selected for project level
2024-06-12 21:39:03,926 [INFO] CADModel:114 - Register for checkConnection events
2024-06-12 21:39:03,926 [FATAL] Updater:308 - Updater called before beeing initialized
2024-06-12 21:39:03,926 [ERROR] CADModel:125 - Updater not yet initialized, retry later 
2024-06-12 21:39:04,014 [INFO] CADModel:165 - CPN selected for project level
2024-06-12 21:39:04,014 [INFO] CADModel:114 - Register for checkConnection events
2024-06-12 21:39:04,014 [FATAL] Updater:308 - Updater called before beeing initialized
2024-06-12 21:39:04,014 [ERROR] CADModel:125 - Updater not yet initialized, retry later 
2024-06-12 21:39:04,016 [FATAL] Updater:308 - Updater called before beeing initialized
2024-06-12 21:39:04,085 [FATAL] Updater:308 - Updater called before beeing initialized
2024-06-12 21:39:04,088 [INFO] DbMcusAds:53 - JSON generation date=Thu May 16 06:22:00 BRT 2024 (1715851320667)
2024-06-12 21:39:04,088 [FATAL] Updater:308 - Updater called before beeing initialized
2024-06-12 21:39:04,114 [WARN] DetailPanel:346 - Failed to get advertising image, set to default
2024-06-12 21:39:04,226 [FATAL] Updater:308 - Updater called before beeing initialized
2024-06-12 21:39:04,227 [FATAL] Updater:308 - Updater called before beeing initialized
2024-06-12 21:39:04,227 [FATAL] Updater:308 - Updater called before beeing initialized
2024-06-12 21:39:04,227 [WARN] DetailPanel:346 - Failed to get advertising image, set to default
2024-06-12 21:39:04,228 [FATAL] Updater:308 - Updater called before beeing initialized
2024-06-12 21:39:04,261 [ERROR] Updater:1120 - MainUpdater not yet initialized. External WinMGr cannot be set.
2024-06-12 21:39:04,262 [INFO] Updater:1056 - Updater Version found : 6.11.0
2024-06-12 21:39:04,277 [INFO] ApplicationProperties:184 - Using Application install path: D:\ST\STM32CubeIDE_1.15.0\STM32CubeIDE\plugins\com.st.stm32cube.common.mx_6.11.0.202403141607
2024-06-12 21:39:05,851 [ERROR] LogOutputStream:75 - [STDERR_REDIRECT] Jun 12, 2024 9:39:05 PM java.util.prefs.WindowsPreferences <init>
2024-06-12 21:39:05,852 [ERROR] LogOutputStream:75 - [STDERR_REDIRECT] WARNING: Could not open/create prefs root node Software\JavaSoft\Prefs at root 0xffffffff80000002. Windows RegCreateKeyEx(...) returned error code 5.
2024-06-12 21:39:05,853 [ERROR] LogOutputStream:75 - [STDERR_REDIRECT] 
2024-06-12 21:39:06,054 [INFO] MainUpdater:2873 - connection check result : 10
2024-06-12 21:39:06,055 [INFO] MainUpdater:290 - Updater Check For Update Now.
2024-06-12 21:39:06,055 [INFO] MicroXplorer:498 - Change Database Version : DB.6.0.110
2024-06-12 21:39:06,060 [INFO] McuFinderGlobals:63 - Set McuFinder mode to 2 (CubeIDE integrated)
2024-06-12 21:39:06,065 [INFO] UserAuth:415 - Internet connection configuration mode: 1
2024-06-12 21:39:06,078 [INFO] JxBrowserEngine:152 - Initiate JxBrowser Engine with user profile folder
2024-06-12 21:39:06,218 [INFO] CheckServerUpdateThread:120 - End of CheckServer Thread
2024-06-12 21:39:06,542 [WARN] PackLoader:240 - Cannot read IP mode file for STMicroelectronics.FP-SNS-MOTENVWB1.1.4.0
2024-06-12 21:39:06,557 [WARN] PackLoader:240 - Cannot read IP mode file for STMicroelectronics.X-CUBE-SMBUS.2.1.0
2024-06-12 21:39:06,562 [WARN] PackLoader:240 - Cannot read IP mode file for STMicroelectronics.X-CUBE-TOUCHGFX.4.23.2
2024-06-12 21:39:06,591 [WARN] PackLoader:240 - Cannot read IP mode file for STMicroelectronics.X-CUBE-AZRTOS-F7.1.1.0
2024-06-12 21:39:06,599 [WARN] PackLoader:240 - Cannot read IP mode file for STMicroelectronics.FP-SNS-FLIGHT1.5.0.2
2024-06-12 21:39:06,625 [WARN] PackLoader:240 - Cannot read IP mode file for STMicroelectronics.X-CUBE-DISPLAY.3.0.0
2024-06-12 21:39:06,641 [WARN] PackLoader:240 - Cannot read IP mode file for STMicroelectronics.X-CUBE-BLE1.7.0.0
2024-06-12 21:39:06,646 [WARN] PackLoader:240 - Cannot read IP mode file for emotas.I-CUBE-CANOPEN.1.3.0
2024-06-12 21:39:06,657 [WARN] PackLoader:240 - Cannot read IP mode file for STMicroelectronics.X-CUBE-BLEMGR.3.1.0
2024-06-12 21:39:06,664 [WARN] PackLoader:240 - Cannot read IP mode file for STMicroelectronics.FP-SNS-SMARTAG2.1.2.0
2024-06-12 21:39:06,672 [INFO] LogOutputStream:77 - [STDOUT_REDIRECT] 1 : Invalid condition id : UX_CORESTACK_Condition cause : null
2024-06-12 21:39:06,673 [INFO] LogOutputStream:77 - [STDOUT_REDIRECT] 1 : Invalid condition id : UX_CORESTACK_Condition cause : null
2024-06-12 21:39:06,674 [INFO] LogOutputStream:77 - [STDOUT_REDIRECT] 1 : Invalid condition id : UX_CORESTACK_Condition cause : null
2024-06-12 21:39:06,676 [INFO] LogOutputStream:77 - [STDOUT_REDIRECT] 1 : Invalid condition id : UX_CORESTACK_Condition cause : null
2024-06-12 21:39:06,677 [INFO] LogOutputStream:77 - [STDOUT_REDIRECT] 1 : Invalid condition id : UX_CORESTACK_Condition cause : null
2024-06-12 21:39:06,680 [WARN] PackLoader:240 - Cannot read IP mode file for STMicroelectronics.X-CUBE-AZRTOS-WL.2.0.0
2024-06-12 21:39:06,685 [WARN] PackLoader:240 - Cannot read IP mode file for STMicroelectronics.FP-SNS-MOTENV1.5.0.0
2024-06-12 21:39:06,690 [WARN] PackLoader:240 - Cannot read IP mode file for wolfSSL.I-CUBE-wolfMQTT.1.19.0
2024-06-12 21:39:06,698 [WARN] PackLoader:240 - Cannot read IP mode file for WES.I-CUBE-Cesium.1.3.0
2024-06-12 21:39:06,702 [WARN] PackLoader:240 - Cannot read IP mode file for STMicroelectronics.X-CUBE-BLE2.3.3.0
2024-06-12 21:39:06,708 [WARN] PackLoader:240 - Cannot read IP mode file for STMicroelectronics.X-CUBE-TCPP.4.1.0
2024-06-12 21:39:06,714 [WARN] PackLoader:240 - Cannot read IP mode file for STMicroelectronics.X-CUBE-ALGOBUILD.1.3.0
2024-06-12 21:39:06,726 [WARN] PackLoader:240 - Cannot read IP mode file for STMicroelectronics.X-CUBE-AZRTOS-G0.1.1.0
2024-06-12 21:39:06,733 [WARN] PackLoader:240 - Cannot read IP mode file for STMicroelectronics.X-CUBE-SAFEA1.1.2.2
2024-06-12 21:39:06,734 [INFO] WebApp:161 - Instantiating new browser for Auth
2024-06-12 21:39:06,737 [WARN] PackLoader:240 - Cannot read IP mode file for STMicroelectronics.X-CUBE-NFC4.3.0.0
2024-06-12 21:39:06,742 [WARN] PackLoader:240 - Cannot read IP mode file for wolfSSL.I-CUBE-wolfSSL.5.7.0
2024-06-12 21:39:06,745 [WARN] PackLoader:240 - Cannot read IP mode file for STMicroelectronics.FP-ATR-SIGFOX1.3.2.0
2024-06-12 21:39:06,754 [WARN] PackLoader:240 - Cannot read IP mode file for STMicroelectronics.X-CUBE-EEPRMA1.5.1.0
2024-06-12 21:39:06,767 [WARN] PackLoader:240 - Cannot read IP mode file for ITTIA_DB.I-CUBE-ITTIADB.8.9.0
2024-06-12 21:39:06,794 [WARN] PackLoader:240 - Cannot read IP mode file for SEGGER.I-CUBE-embOS.1.3.1
2024-06-12 21:39:06,833 [WARN] PackLoader:240 - Cannot read IP mode file for STMicroelectronics.X-CUBE-ALGOBUILD.1.4.0
2024-06-12 21:39:06,839 [WARN] PackLoader:240 - Cannot read IP mode file for STMicroelectronics.X-CUBE-GNSS1.6.0.0
2024-06-12 21:39:06,851 [WARN] PackLoader:240 - Cannot read IP mode file for STMicroelectronics.X-CUBE-AZRTOS-F4.1.1.0
2024-06-12 21:39:06,857 [WARN] PackLoader:240 - Cannot read IP mode file for STMicroelectronics.X-CUBE-FREERTOS.1.2.0
2024-06-12 21:39:06,875 [WARN] PackLoader:240 - Cannot read IP mode file for STMicroelectronics.X-CUBE-AZRTOS-L5.2.0.0
2024-06-12 21:39:06,884 [WARN] PackLoader:240 - Cannot read IP mode file for STMicroelectronics.X-CUBE-NFC6.3.1.0
2024-06-12 21:39:06,889 [WARN] PackLoader:240 - Cannot read IP mode file for STMicroelectronics.X-CUBE-AI.9.0.0
2024-06-12 21:39:06,894 [WARN] PackLoader:240 - Cannot read IP mode file for STMicroelectronics.X-CUBE-NFC7.1.0.1
2024-06-12 21:39:06,908 [WARN] ConditionMgr:438 - getConditionDescription Invalid condition id : LAN8742 Phy interface Condition cause : null
2024-06-12 21:39:06,909 [WARN] PackLoader:240 - Cannot read IP mode file for STMicroelectronics.X-CUBE-AZRTOS-L4.2.0.0
2024-06-12 21:39:06,910 [WARN] ConditionMgr:1039 - genDependencies : Invalid condition id : LAN8742 Phy interface Condition cause : null
2024-06-12 21:39:06,910 [WARN] ConditionMgr:1039 - genDependencies : Invalid condition id : LAN8742 Phy interface Condition cause : null
2024-06-12 21:39:06,910 [WARN] ConditionMgr:1039 - genDependencies : Invalid condition id : LAN8742 Phy interface Condition cause : null
2024-06-12 21:39:06,915 [WARN] PackLoader:240 - Cannot read IP mode file for STMicroelectronics.X-CUBE-SFXS2LP1.4.0.0
2024-06-12 21:39:06,926 [WARN] ConditionMgr:438 - getConditionDescription Invalid condition id : UX DEVICE CLASS RTOS Condition cause : null
2024-06-12 21:39:06,927 [WARN] ConditionMgr:438 - getConditionDescription Invalid condition id : UX DEVICE CLASS RTOS Condition cause : null
2024-06-12 21:39:06,928 [WARN] PackLoader:240 - Cannot read IP mode file for STMicroelectronics.X-CUBE-AZRTOS-WB.2.0.0
2024-06-12 21:39:06,929 [WARN] ConditionMgr:1039 - genDependencies : Invalid condition id : UX DEVICE CLASS RTOS Condition cause : null
2024-06-12 21:39:06,929 [WARN] ConditionMgr:1039 - genDependencies : Invalid condition id : UX DEVICE CLASS RTOS Condition cause : null
2024-06-12 21:39:06,929 [WARN] ConditionMgr:1039 - genDependencies : Invalid condition id : UX DEVICE CLASS RTOS Condition cause : null
2024-06-12 21:39:06,929 [WARN] ConditionMgr:1039 - genDependencies : Invalid condition id : UX DEVICE CLASS RTOS Condition cause : null
2024-06-12 21:39:06,929 [WARN] ConditionMgr:1039 - genDependencies : Invalid condition id : UX DEVICE CLASS RTOS Condition cause : null
2024-06-12 21:39:06,938 [WARN] PackLoader:240 - Cannot read IP mode file for STMicroelectronics.X-CUBE-SUBG2.5.0.0
2024-06-12 21:39:06,952 [WARN] PackLoader:240 - Cannot read IP mode file for STMicroelectronics.X-CUBE-AZRTOS-G4.2.0.0
2024-06-12 21:39:06,956 [WARN] PackLoader:240 - Cannot read IP mode file for STMicroelectronics.X-CUBE-ISPU.2.0.0
2024-06-12 21:39:06,959 [WARN] PackLoader:240 - Cannot read IP mode file for STMicroelectronics.X-CUBE-ALS.1.0.2
2024-06-12 21:39:06,983 [WARN] PackLoader:240 - Cannot read IP mode file for STMicroelectronics.X-CUBE-MEMS1.10.0.0
2024-06-12 21:39:07,074 [WARN] PackLoader:240 - Cannot read IP mode file for STMicroelectronics.X-CUBE-FREERTOS.1.1.0
2024-06-12 21:39:07,079 [WARN] PackLoader:240 - Cannot read IP mode file for portGmbH.I-Cube-SoM-uGOAL.1.1.0
2024-06-12 21:39:07,082 [WARN] PackLoader:240 - Cannot read IP mode file for STMicroelectronics.X-CUBE-ALS.1.0.1
2024-06-12 21:39:07,098 [WARN] PackLoader:240 - Cannot read IP mode file for STMicroelectronics.X-CUBE-AZRTOS-H7RS.1.0.0
2024-06-12 21:39:07,104 [WARN] PackLoader:240 - Cannot read IP mode file for STMicroelectronics.FP-ATR-ASTRA1.2.0.0
2024-06-12 21:39:07,113 [WARN] PackLoader:240 - Cannot read IP mode file for STMicroelectronics.X-CUBE-TOF1.3.4.1
2024-06-12 21:39:07,138 [WARN] PackLoader:240 - Cannot read IP mode file for STMicroelectronics.X-CUBE-AZRTOS-H7.3.2.0
2024-06-12 21:39:07,153 [WARN] PackLoader:240 - Cannot read IP mode file for Infineon.AIROC-Wi-Fi-Bluetooth-STM32.1.6.0
2024-06-12 21:39:07,158 [INFO] ThirdParty:978 - Integrity check success = true
2024-06-12 21:39:07,159 [INFO] IntegrityCheckThread:100 - exiting critical section [integrity check]
2024-06-12 21:39:07,159 [INFO] IntegrityCheckThread:103 - End integrity checks thread
2024-06-12 21:39:07,333 [INFO] WebApp:779 - Register for checkConnection events
2024-06-12 21:39:07,333 [INFO] WebApp:414 - Apply proxy settings
2024-06-12 21:39:07,333 [INFO] WebApp:499 - Chromium requires no authentication
2024-06-12 21:39:07,346 [INFO] WebApp:442 - Direct internet connection detected
2024-06-12 21:39:07,496 [INFO] WebApp:192 - Starting web application
2024-06-12 21:39:07,497 [INFO] WebApp:544 - Web application path used D:\ST\STM32CubeIDE_1.15.0\STM32CubeIDE\plugins\com.st.stm32cube.common.mx_6.11.0.202403141607\db\plugins\mcufinder\reactClient1\index.html
2024-06-12 21:40:19,067 [ERROR] LogOutputStream:75 - [STDERR_REDIRECT] 
